2024-08-30 16:45:39.966 [info] Extension host with pid 446612 started
2024-08-30 16:45:39.966 [error] Error: EEXIST: file already exists, open '/home/servicios/.vscode-server/data/User/workspaceStorage/fc0cbc0939dd42c9cf9fb917b040e657/vscode.lock'
2024-08-30 16:45:39.969 [info] Lock '/home/servicios/.vscode-server/data/User/workspaceStorage/fc0cbc0939dd42c9cf9fb917b040e657/vscode.lock': Could not acquire lock, checking if the file is stale.
2024-08-30 16:45:39.980 [info] Lock '/home/servicios/.vscode-server/data/User/workspaceStorage/fc0cbc0939dd42c9cf9fb917b040e657/vscode.lock': The lock does not look stale, elapsed: 595 ms, giving up.
2024-08-30 16:45:39.980 [error] Error: EEXIST: file already exists, open '/home/servicios/.vscode-server/data/User/workspaceStorage/fc0cbc0939dd42c9cf9fb917b040e657-1/vscode.lock'
2024-08-30 16:45:39.981 [info] Lock '/home/servicios/.vscode-server/data/User/workspaceStorage/fc0cbc0939dd42c9cf9fb917b040e657-1/vscode.lock': Could not acquire lock, checking if the file is stale.
2024-08-30 16:45:39.981 [info] Lock '/home/servicios/.vscode-server/data/User/workspaceStorage/fc0cbc0939dd42c9cf9fb917b040e657-1/vscode.lock': The pid 10981 appears to be gone.
2024-08-30 16:45:39.981 [info] Lock '/home/servicios/.vscode-server/data/User/workspaceStorage/fc0cbc0939dd42c9cf9fb917b040e657-1/vscode.lock': Deleting a stale lock.
2024-08-30 16:45:40.013 [info] Lock '/home/servicios/.vscode-server/data/User/workspaceStorage/fc0cbc0939dd42c9cf9fb917b040e657-1/vscode.lock': Lock acquired.
2024-08-30 16:45:40.464 [info] ExtensionService#_doActivateExtension vscode.tunnel-forwarding, startup: false, activationEvent: 'onTunnel'
2024-08-30 16:45:40.465 [info] ExtensionService#_doActivateExtension vscode.emmet, startup: false, activationEvent: 'onLanguage'
2024-08-30 16:45:40.465 [info] ExtensionService#_doActivateExtension vscode.typescript-language-features, startup: false, activationEvent: 'onLanguage:javascript'
2024-08-30 16:45:41.046 [info] ExtensionService#_doActivateExtension vscode.git-base, startup: true, activationEvent: '*', root cause: vscode.git
2024-08-30 16:45:41.057 [info] ExtensionService#_doActivateExtension vscode.npm, startup: true, activationEvent: 'workspaceContains:package.json'
2024-08-30 16:45:41.374 [info] ExtensionService#_doActivateExtension vscode.git, startup: true, activationEvent: '*'
2024-08-30 16:45:41.374 [info] ExtensionService#_doActivateExtension vscode.github, startup: true, activationEvent: '*'
2024-08-30 16:45:42.085 [info] Eager extensions activated
2024-08-30 16:45:42.085 [info] ExtensionService#_doActivateExtension vscode.debug-auto-launch, startup: false, activationEvent: 'onStartupFinished'
2024-08-30 16:45:42.086 [info] ExtensionService#_doActivateExtension vscode.merge-conflict, startup: false, activationEvent: 'onStartupFinished'
2024-08-30 18:10:29.568 [info] ExtensionService#_doActivateExtension vscode.configuration-editing, startup: false, activationEvent: 'onLanguage:json'
2024-08-30 18:10:29.569 [info] ExtensionService#_doActivateExtension vscode.extension-editing, startup: false, activationEvent: 'onLanguage:json'
2024-08-30 18:10:29.569 [info] ExtensionService#_doActivateExtension vscode.json-language-features, startup: false, activationEvent: 'onLanguage:json'
2024-08-30 20:42:46.120 [info] ExtensionService#_doActivateExtension vscode.debug-server-ready, startup: false, activationEvent: 'onDebugResolve'
2024-09-02 19:11:39.152 [info] ExtensionService#_doActivateExtension vscode.css-language-features, startup: false, activationEvent: 'onLanguage:css'
2024-09-02 22:49:41.915 [info] Extension host terminating: renderer disconnected for too long (2)
2024-09-02 22:49:41.915 [info] Lock '/home/servicios/.vscode-server/data/User/workspaceStorage/fc0cbc0939dd42c9cf9fb917b040e657-1/vscode.lock': Marking the lockfile as scheduled to be released in 6000 ms.
2024-09-02 22:49:41.974 [info] Extension host with pid 446612 exiting with code 0
