2024-09-03 00:26:52.009 [info] [main] Log level: Info
2024-09-03 00:26:52.009 [info] [main] Validating found git in: "git"
2024-09-03 00:26:52.009 [info] [main] Using git "2.43.0" from "git"
2024-09-03 00:26:52.009 [info] [Model][doInitialScan] Initial repository scan started
2024-09-03 00:26:52.009 [info] > git rev-parse --show-toplevel [219ms]
2024-09-03 00:26:52.009 [info] fatal: not a git repository (or any of the parent directories): .git
2024-09-03 00:26:52.009 [info] > git rev-parse --show-toplevel [10ms]
2024-09-03 00:26:52.009 [info] fatal: not a git repository (or any of the parent directories): .git
2024-09-03 00:26:52.039 [info] > git rev-parse --show-toplevel [5ms]
2024-09-03 00:26:52.039 [info] fatal: not a git repository (or any of the parent directories): .git
2024-09-03 00:26:52.055 [info] > git rev-parse --show-toplevel [7ms]
2024-09-03 00:26:52.055 [info] fatal: not a git repository (or any of the parent directories): .git
2024-09-03 00:26:52.077 [info] > git rev-parse --show-toplevel [1ms]
2024-09-03 00:26:52.077 [info] fatal: not a git repository (or any of the parent directories): .git
2024-09-03 00:26:52.094 [info] > git rev-parse --show-toplevel [0ms]
2024-09-03 00:26:52.094 [info] fatal: not a git repository (or any of the parent directories): .git
2024-09-03 00:26:52.104 [info] > git rev-parse --show-toplevel [1ms]
2024-09-03 00:26:52.104 [info] fatal: not a git repository (or any of the parent directories): .git
2024-09-03 00:26:52.113 [info] > git rev-parse --show-toplevel [1ms]
2024-09-03 00:26:52.113 [info] fatal: not a git repository (or any of the parent directories): .git
2024-09-03 00:26:52.126 [info] > git rev-parse --show-toplevel [6ms]
2024-09-03 00:26:52.126 [info] fatal: not a git repository (or any of the parent directories): .git
2024-09-03 00:26:52.138 [info] [Model][doInitialScan] Initial repository scan completed - repositories (0), closed repositories (0), parent repositories (0), unsafe repositories (0)
2024-09-03 13:03:15.226 [info] > git rev-parse --show-toplevel [3ms]
2024-09-03 13:03:15.226 [info] fatal: not a git repository (or any of the parent directories): .git
2024-09-03 13:03:30.245 [info] > git rev-parse --show-toplevel [0ms]
2024-09-03 13:03:30.245 [info] fatal: not a git repository (or any of the parent directories): .git
2024-09-03 13:54:51.196 [info] > git rev-parse --show-toplevel [1ms]
2024-09-03 13:54:51.196 [info] fatal: not a git repository (or any of the parent directories): .git
