0 verbose cli /usr/bin/node /usr/bin/npm
1 info using npm@9.2.0
2 info using node@v18.19.1
3 timing npm:load:whichnode Completed in 1ms
4 timing config:load:defaults Completed in 2ms
5 timing config:load:file:/usr/share/nodejs/npm/npmrc Completed in 4ms
6 timing config:load:builtin Completed in 5ms
7 timing config:load:cli Completed in 1ms
8 timing config:load:env Completed in 1ms
9 timing config:load:file:/home/servicios/servicios/.npmrc Completed in 1ms
10 timing config:load:project Completed in 4ms
11 timing config:load:file:/home/servicios/.npmrc Completed in 0ms
12 timing config:load:user Completed in 0ms
13 timing config:load:file:/etc/npmrc Completed in 0ms
14 timing config:load:global Completed in 0ms
15 timing config:load:setEnvs Completed in 1ms
16 timing config:load Completed in 14ms
17 timing npm:load:configload Completed in 14ms
18 timing npm:load:mkdirpcache Completed in 0ms
19 timing npm:load:mkdirplogs Completed in 0ms
20 verbose title npm install moment
21 verbose argv "install" "moment"
22 timing npm:load:setTitle Completed in 1ms
23 timing config:load:flatten Completed in 4ms
24 timing npm:load:display Completed in 6ms
25 verbose logfile logs-max:10 dir:/home/servicios/.npm/_logs/2024-09-03T19_19_04_166Z-
26 verbose logfile /home/servicios/.npm/_logs/2024-09-03T19_19_04_166Z-debug-0.log
27 timing npm:load:logFile Completed in 8ms
28 timing npm:load:timers Completed in 1ms
29 timing npm:load:configScope Completed in 0ms
30 timing npm:load Completed in 32ms
31 silly logfile start cleaning logs, removing 1 files
32 timing config:load:flatten Completed in 0ms
33 timing arborist:ctor Completed in 1ms
34 silly logfile done cleaning log files
35 timing idealTree:init Completed in 635ms
36 timing idealTree:userRequests Completed in 15ms
37 silly idealTree buildDeps
38 silly fetch manifest moment@*
39 timing arborist:ctor Completed in 0ms
40 http fetch GET 200 https://registry.npmjs.org/moment 656ms (cache revalidated)
41 silly placeDep ROOT moment@2.30.1 REPLACE for: teltonika@1.0.0 want: *
42 timing idealTree:#root Completed in 676ms
43 timing idealTree:node_modules/moment Completed in 0ms
44 timing idealTree:buildDeps Completed in 679ms
45 timing idealTree:fixDepFlags Completed in 11ms
46 timing idealTree Completed in 1350ms
47 timing reify:loadTrees Completed in 1351ms
48 timing reify:diffTrees Completed in 17ms
49 silly reify moves {}
50 timing reify:retireShallow Completed in 1ms
51 timing reify:createSparse Completed in 12ms
52 timing reify:loadBundles Completed in 0ms
53 silly audit bulk request {
53 silly audit   '@ampproject/remapping': [ '2.3.0' ],
53 silly audit   '@babel/code-frame': [ '7.24.7' ],
53 silly audit   '@babel/compat-data': [ '7.24.7' ],
53 silly audit   '@babel/core': [ '7.24.7' ],
53 silly audit   '@babel/generator': [ '7.24.7' ],
53 silly audit   '@babel/helper-annotate-as-pure': [ '7.24.7' ],
53 silly audit   '@babel/helper-builder-binary-assignment-operator-visitor': [ '7.24.7' ],
53 silly audit   '@babel/helper-compilation-targets': [ '7.24.7' ],
53 silly audit   '@babel/helper-create-class-features-plugin': [ '7.24.7' ],
53 silly audit   '@babel/helper-create-regexp-features-plugin': [ '7.24.7' ],
53 silly audit   '@babel/helper-define-polyfill-provider': [ '0.6.2' ],
53 silly audit   '@babel/helper-environment-visitor': [ '7.24.7' ],
53 silly audit   '@babel/helper-function-name': [ '7.24.7' ],
53 silly audit   '@babel/helper-hoist-variables': [ '7.24.7' ],
53 silly audit   '@babel/helper-member-expression-to-functions': [ '7.24.7' ],
53 silly audit   '@babel/helper-module-imports': [ '7.24.7' ],
53 silly audit   '@babel/helper-module-transforms': [ '7.24.7' ],
53 silly audit   '@babel/helper-optimise-call-expression': [ '7.24.7' ],
53 silly audit   '@babel/helper-plugin-utils': [ '7.24.7' ],
53 silly audit   '@babel/helper-remap-async-to-generator': [ '7.24.7' ],
53 silly audit   '@babel/helper-replace-supers': [ '7.24.7' ],
53 silly audit   '@babel/helper-simple-access': [ '7.24.7' ],
53 silly audit   '@babel/helper-skip-transparent-expression-wrappers': [ '7.24.7' ],
53 silly audit   '@babel/helper-split-export-declaration': [ '7.24.7' ],
53 silly audit   '@babel/helper-string-parser': [ '7.24.7' ],
53 silly audit   '@babel/helper-validator-identifier': [ '7.24.7' ],
53 silly audit   '@babel/helper-validator-option': [ '7.24.7' ],
53 silly audit   '@babel/helper-wrap-function': [ '7.24.7' ],
53 silly audit   '@babel/helpers': [ '7.24.7' ],
53 silly audit   '@babel/highlight': [ '7.24.7' ],
53 silly audit   '@babel/parser': [ '7.24.7' ],
53 silly audit   '@babel/plugin-bugfix-firefox-class-in-computed-class-key': [ '7.24.7' ],
53 silly audit   '@babel/plugin-bugfix-safari-id-destructuring-collision-in-function-expression': [ '7.24.7' ],
53 silly audit   '@babel/plugin-bugfix-v8-spread-parameters-in-optional-chaining': [ '7.24.7' ],
53 silly audit   '@babel/plugin-bugfix-v8-static-class-fields-redefine-readonly': [ '7.24.7' ],
53 silly audit   '@babel/plugin-proposal-private-property-in-object': [ '7.21.0-placeholder-for-preset-env.2' ],
53 silly audit   '@babel/plugin-syntax-async-generators': [ '7.8.4' ],
53 silly audit   '@babel/plugin-syntax-class-properties': [ '7.12.13' ],
53 silly audit   '@babel/plugin-syntax-class-static-block': [ '7.14.5' ],
53 silly audit   '@babel/plugin-syntax-dynamic-import': [ '7.8.3' ],
53 silly audit   '@babel/plugin-syntax-export-namespace-from': [ '7.8.3' ],
53 silly audit   '@babel/plugin-syntax-import-assertions': [ '7.24.7' ],
53 silly audit   '@babel/plugin-syntax-import-attributes': [ '7.24.7' ],
53 silly audit   '@babel/plugin-syntax-import-meta': [ '7.10.4' ],
53 silly audit   '@babel/plugin-syntax-json-strings': [ '7.8.3' ],
53 silly audit   '@babel/plugin-syntax-jsx': [ '7.24.7' ],
53 silly audit   '@babel/plugin-syntax-logical-assignment-operators': [ '7.10.4' ],
53 silly audit   '@babel/plugin-syntax-nullish-coalescing-operator': [ '7.8.3' ],
53 silly audit   '@babel/plugin-syntax-numeric-separator': [ '7.10.4' ],
53 silly audit   '@babel/plugin-syntax-object-rest-spread': [ '7.8.3' ],
53 silly audit   '@babel/plugin-syntax-optional-catch-binding': [ '7.8.3' ],
53 silly audit   '@babel/plugin-syntax-optional-chaining': [ '7.8.3' ],
53 silly audit   '@babel/plugin-syntax-private-property-in-object': [ '7.14.5' ],
53 silly audit   '@babel/plugin-syntax-top-level-await': [ '7.14.5' ],
53 silly audit   '@babel/plugin-syntax-unicode-sets-regex': [ '7.18.6' ],
53 silly audit   '@babel/plugin-transform-arrow-functions': [ '7.24.7' ],
53 silly audit   '@babel/plugin-transform-async-generator-functions': [ '7.24.7' ],
53 silly audit   '@babel/plugin-transform-async-to-generator': [ '7.24.7' ],
53 silly audit   '@babel/plugin-transform-block-scoped-functions': [ '7.24.7' ],
53 silly audit   '@babel/plugin-transform-block-scoping': [ '7.24.7' ],
53 silly audit   '@babel/plugin-transform-class-properties': [ '7.24.7' ],
53 silly audit   '@babel/plugin-transform-class-static-block': [ '7.24.7' ],
53 silly audit   '@babel/plugin-transform-classes': [ '7.24.7' ],
53 silly audit   '@babel/plugin-transform-computed-properties': [ '7.24.7' ],
53 silly audit   '@babel/plugin-transform-destructuring': [ '7.24.7' ],
53 silly audit   '@babel/plugin-transform-dotall-regex': [ '7.24.7' ],
53 silly audit   '@babel/plugin-transform-duplicate-keys': [ '7.24.7' ],
53 silly audit   '@babel/plugin-transform-dynamic-import': [ '7.24.7' ],
53 silly audit   '@babel/plugin-transform-exponentiation-operator': [ '7.24.7' ],
53 silly audit   '@babel/plugin-transform-export-namespace-from': [ '7.24.7' ],
53 silly audit   '@babel/plugin-transform-for-of': [ '7.24.7' ],
53 silly audit   '@babel/plugin-transform-function-name': [ '7.24.7' ],
53 silly audit   '@babel/plugin-transform-json-strings': [ '7.24.7' ],
53 silly audit   '@babel/plugin-transform-literals': [ '7.24.7' ],
53 silly audit   '@babel/plugin-transform-logical-assignment-operators': [ '7.24.7' ],
53 silly audit   '@babel/plugin-transform-member-expression-literals': [ '7.24.7' ],
53 silly audit   '@babel/plugin-transform-modules-amd': [ '7.24.7' ],
53 silly audit   '@babel/plugin-transform-modules-commonjs': [ '7.24.7' ],
53 silly audit   '@babel/plugin-transform-modules-systemjs': [ '7.24.7' ],
53 silly audit   '@babel/plugin-transform-modules-umd': [ '7.24.7' ],
53 silly audit   '@babel/plugin-transform-named-capturing-groups-regex': [ '7.24.7' ],
53 silly audit   '@babel/plugin-transform-new-target': [ '7.24.7' ],
53 silly audit   '@babel/plugin-transform-nullish-coalescing-operator': [ '7.24.7' ],
53 silly audit   '@babel/plugin-transform-numeric-separator': [ '7.24.7' ],
53 silly audit   '@babel/plugin-transform-object-rest-spread': [ '7.24.7' ],
53 silly audit   '@babel/plugin-transform-object-super': [ '7.24.7' ],
53 silly audit   '@babel/plugin-transform-optional-catch-binding': [ '7.24.7' ],
53 silly audit   '@babel/plugin-transform-optional-chaining': [ '7.24.7' ],
53 silly audit   '@babel/plugin-transform-parameters': [ '7.24.7' ],
53 silly audit   '@babel/plugin-transform-private-methods': [ '7.24.7' ],
53 silly audit   '@babel/plugin-transform-private-property-in-object': [ '7.24.7' ],
53 silly audit   '@babel/plugin-transform-property-literals': [ '7.24.7' ],
53 silly audit   '@babel/plugin-transform-react-display-name': [ '7.24.7' ],
53 silly audit   '@babel/plugin-transform-react-jsx': [ '7.24.7' ],
53 silly audit   '@babel/plugin-transform-react-jsx-development': [ '7.24.7' ],
53 silly audit   '@babel/plugin-transform-react-pure-annotations': [ '7.24.7' ],
53 silly audit   '@babel/plugin-transform-regenerator': [ '7.24.7' ],
53 silly audit   '@babel/plugin-transform-reserved-words': [ '7.24.7' ],
53 silly audit   '@babel/plugin-transform-shorthand-properties': [ '7.24.7' ],
53 silly audit   '@babel/plugin-transform-spread': [ '7.24.7' ],
53 silly audit   '@babel/plugin-transform-sticky-regex': [ '7.24.7' ],
53 silly audit   '@babel/plugin-transform-template-literals': [ '7.24.7' ],
53 silly audit   '@babel/plugin-transform-typeof-symbol': [ '7.24.7' ],
53 silly audit   '@babel/plugin-transform-unicode-escapes': [ '7.24.7' ],
53 silly audit   '@babel/plugin-transform-unicode-property-regex': [ '7.24.7' ],
53 silly audit   '@babel/plugin-transform-unicode-regex': [ '7.24.7' ],
53 silly audit   '@babel/plugin-transform-unicode-sets-regex': [ '7.24.7' ],
53 silly audit   '@babel/preset-env': [ '7.24.7' ],
53 silly audit   '@babel/preset-modules': [ '0.1.6-no-external-plugins' ],
53 silly audit   '@babel/preset-react': [ '7.24.7' ],
53 silly audit   '@babel/regjsgen': [ '0.8.0' ],
53 silly audit   '@babel/runtime': [ '7.24.7' ],
53 silly audit   '@babel/template': [ '7.24.7' ],
53 silly audit   '@babel/traverse': [ '7.24.7' ],
53 silly audit   '@babel/types': [ '7.24.7' ],
53 silly audit   '@discoveryjs/json-ext': [ '0.5.7' ],
53 silly audit   '@emotion/is-prop-valid': [ '1.2.2' ],
53 silly audit   '@emotion/memoize': [ '0.8.1' ],
53 silly audit   '@emotion/unitless': [ '0.8.1' ],
53 silly audit   '@floating-ui/core': [ '1.6.2' ],
53 silly audit   '@floating-ui/dom': [ '1.6.5' ],
53 silly audit   '@floating-ui/react': [ '0.26.17' ],
53 silly audit   '@floating-ui/react-dom': [ '2.1.0' ],
53 silly audit   '@floating-ui/utils': [ '0.2.2' ],
53 silly audit   '@hapi/hoek': [ '9.3.0' ],
53 silly audit   '@hapi/topo': [ '5.1.0' ],
53 silly audit   '@isaacs/cliui': [ '8.0.2' ],
53 silly audit   'ansi-regex': [ '6.0.1', '5.0.1' ],
53 silly audit   'ansi-styles': [ '6.2.1', '3.2.1', '4.3.0' ],
53 silly audit   'emoji-regex': [ '9.2.2', '8.0.0' ],
53 silly audit   'string-width': [ '5.1.2', '4.2.3' ],
53 silly audit   'strip-ansi': [ '7.1.0', '6.0.1' ],
53 silly audit   'wrap-ansi': [ '8.1.0', '7.0.0' ],
53 silly audit   '@jridgewell/gen-mapping': [ '0.3.5' ],
53 silly audit   '@jridgewell/resolve-uri': [ '3.1.2' ],
53 silly audit   '@jridgewell/set-array': [ '1.2.1' ],
53 silly audit   '@jridgewell/source-map': [ '0.3.6' ],
53 silly audit   '@jridgewell/sourcemap-codec': [ '1.4.15' ],
53 silly audit   '@jridgewell/trace-mapping': [ '0.3.25' ],
53 silly audit   '@jsonjoy.com/base64': [ '1.1.2' ],
53 silly audit   '@jsonjoy.com/json-pack': [ '1.0.4' ],
53 silly audit   '@jsonjoy.com/util': [ '1.1.3' ],
53 silly audit   '@leichtgewicht/ip-codec': [ '2.0.5' ],
53 silly audit   '@mapbox/jsonlint-lines-primitives': [ '2.0.2' ],
53 silly audit   '@mapbox/mapbox-gl-supported': [ '3.0.0' ],
53 silly audit   '@mapbox/node-pre-gyp': [ '1.0.11' ],
53 silly audit   semver: [ '7.6.2', '6.3.1' ],
53 silly audit   '@mapbox/point-geometry': [ '0.1.0' ],
53 silly audit   '@mapbox/tiny-sdf': [ '2.0.6' ],
53 silly audit   '@mapbox/unitbezier': [ '0.0.1' ],
53 silly audit   '@mapbox/vector-tile': [ '1.3.1' ],
53 silly audit   '@mapbox/whoots-js': [ '3.1.0' ],
53 silly audit   '@pkgjs/parseargs': [ '0.11.0' ],
53 silly audit   '@remix-run/router': [ '1.16.1' ],
53 silly audit   '@sendgrid/client': [ '8.1.3' ],
53 silly audit   '@sendgrid/helpers': [ '8.0.0' ],
53 silly audit   '@sendgrid/mail': [ '8.1.3' ],
53 silly audit   '@sideway/address': [ '4.1.5' ],
53 silly audit   '@sideway/formula': [ '3.0.1' ],
53 silly audit   '@sideway/pinpoint': [ '2.0.0' ],
53 silly audit   '@socket.io/component-emitter': [ '3.1.2' ],
53 silly audit   '@types/body-parser': [ '1.19.5' ],
53 silly audit   '@types/bonjour': [ '3.5.13' ],
53 silly audit   '@types/connect': [ '3.4.38' ],
53 silly audit   '@types/connect-history-api-fallback': [ '1.5.4' ],
53 silly audit   '@types/cookie': [ '0.4.1' ],
53 silly audit   '@types/cors': [ '2.8.17' ],
53 silly audit   '@types/d3-array': [ '3.2.1' ],
53 silly audit   '@types/d3-color': [ '3.1.3' ],
53 silly audit   '@types/d3-ease': [ '3.0.2' ],
53 silly audit   '@types/d3-interpolate': [ '3.0.4' ],
53 silly audit   '@types/d3-path': [ '3.1.0' ],
53 silly audit   '@types/d3-scale': [ '4.0.8' ],
53 silly audit   '@types/d3-shape': [ '3.1.6' ],
53 silly audit   '@types/d3-time': [ '3.0.3' ],
53 silly audit   '@types/d3-timer': [ '3.0.2' ],
53 silly audit   '@types/eslint': [ '8.56.10' ],
53 silly audit   '@types/eslint-scope': [ '3.7.7' ],
53 silly audit   '@types/estree': [ '1.0.5' ],
53 silly audit   '@types/express': [ '4.17.21' ],
53 silly audit   '@types/express-serve-static-core': [ '4.19.3' ],
53 silly audit   '@types/html-minifier-terser': [ '6.1.0' ],
53 silly audit   '@types/http-errors': [ '2.0.4' ],
53 silly audit   '@types/http-proxy': [ '1.17.14' ],
53 silly audit   '@types/json-schema': [ '7.0.15' ],
53 silly audit   '@types/mime': [ '1.3.5' ],
53 silly audit   '@types/node': [ '20.14.5' ],
53 silly audit   '@types/node-forge': [ '1.3.11' ],
53 silly audit   '@types/qs': [ '6.9.15' ],
53 silly audit   '@types/range-parser': [ '1.2.7' ],
53 silly audit   '@types/retry': [ '0.12.2' ],
53 silly audit   '@types/send': [ '0.17.4' ],
53 silly audit   '@types/serve-index': [ '1.9.4' ],
53 silly audit   '@types/serve-static': [ '1.15.7' ],
53 silly audit   '@types/sockjs': [ '0.3.36' ],
53 silly audit   '@types/stylis': [ '4.2.5' ],
53 silly audit   '@types/ws': [ '8.5.10' ],
53 silly audit   '@webassemblyjs/ast': [ '1.12.1' ],
53 silly audit   '@webassemblyjs/floating-point-hex-parser': [ '1.11.6' ],
53 silly audit   '@webassemblyjs/helper-api-error': [ '1.11.6' ],
53 silly audit   '@webassemblyjs/helper-buffer': [ '1.12.1' ],
53 silly audit   '@webassemblyjs/helper-numbers': [ '1.11.6' ],
53 silly audit   '@webassemblyjs/helper-wasm-bytecode': [ '1.11.6' ],
53 silly audit   '@webassemblyjs/helper-wasm-section': [ '1.12.1' ],
53 silly audit   '@webassemblyjs/ieee754': [ '1.11.6' ],
53 silly audit   '@webassemblyjs/leb128': [ '1.11.6' ],
53 silly audit   '@webassemblyjs/utf8': [ '1.11.6' ],
53 silly audit   '@webassemblyjs/wasm-edit': [ '1.12.1' ],
53 silly audit   '@webassemblyjs/wasm-gen': [ '1.12.1' ],
53 silly audit   '@webassemblyjs/wasm-opt': [ '1.12.1' ],
53 silly audit   '@webassemblyjs/wasm-parser': [ '1.12.1' ],
53 silly audit   '@webassemblyjs/wast-printer': [ '1.12.1' ],
53 silly audit   '@webpack-cli/configtest': [ '2.1.1' ],
53 silly audit   '@webpack-cli/info': [ '2.0.2' ],
53 silly audit   '@webpack-cli/serve': [ '2.0.5' ],
53 silly audit   '@xtuc/ieee754': [ '1.2.0' ],
53 silly audit   '@xtuc/long': [ '4.2.2' ],
53 silly audit   abbrev: [ '1.1.1' ],
53 silly audit   accepts: [ '1.3.8' ],
53 silly audit   acorn: [ '8.12.0' ],
53 silly audit   'acorn-import-attributes': [ '1.9.5' ],
53 silly audit   'agent-base': [ '6.0.2' ],
53 silly audit   ajv: [ '8.16.0', '6.12.6' ],
53 silly audit   'ajv-formats': [ '2.1.1' ],
53 silly audit   'ajv-keywords': [ '5.1.0', '3.5.2' ],
53 silly audit   'ansi-html-community': [ '0.0.8' ],
53 silly audit   anymatch: [ '3.1.3' ],
53 silly audit   aproba: [ '2.0.0' ],
53 silly audit   'are-we-there-yet': [ '2.0.0' ],
53 silly audit   'readable-stream': [ '3.6.2', '2.3.8' ],
53 silly audit   'array-flatten': [ '1.1.1' ],
53 silly audit   asap: [ '2.0.6' ],
53 silly audit   'asn1.js': [ '4.10.1' ],
53 silly audit   'bn.js': [ '4.12.0', '5.2.1' ],
53 silly audit   asynckit: [ '0.4.0' ],
53 silly audit   'available-typed-arrays': [ '1.0.7' ],
53 silly audit   axios: [ '1.7.2' ],
53 silly audit   'babel-loader': [ '9.1.3' ],
53 silly audit   'babel-plugin-polyfill-corejs2': [ '0.4.11' ],
53 silly audit   'babel-plugin-polyfill-corejs3': [ '0.10.4' ],
53 silly audit   'babel-plugin-polyfill-regenerator': [ '0.6.2' ],
53 silly audit   'balanced-match': [ '1.0.2' ],
53 silly audit   'base64-js': [ '1.5.1' ],
53 silly audit   base64id: [ '2.0.0' ],
53 silly audit   batch: [ '0.6.1' ],
53 silly audit   bcrypt: [ '5.1.1' ],
53 silly audit   'big.js': [ '5.2.2' ],
53 silly audit   'binary-extensions': [ '2.3.0' ],
53 silly audit   'body-parser': [ '1.20.2' ],
53 silly audit   debug: [ '2.6.9', '4.3.5' ],
53 silly audit   ms: [ '2.0.0', '2.1.2', '2.1.3' ],
53 silly audit   'bonjour-service': [ '1.2.1' ],
53 silly audit   boolbase: [ '1.0.0' ],
53 silly audit   'brace-expansion': [ '1.1.11', '2.0.1' ],
53 silly audit   braces: [ '3.0.3' ],
53 silly audit   brorand: [ '1.1.0' ],
53 silly audit   'browserify-aes': [ '1.2.0' ],
53 silly audit   'browserify-cipher': [ '1.0.1' ],
53 silly audit   'browserify-des': [ '1.0.2' ],
53 silly audit   'browserify-rsa': [ '4.1.0' ],
53 silly audit   'browserify-sign': [ '4.2.3' ],
53 silly audit   browserslist: [ '4.23.1' ],
53 silly audit   buffer: [ '6.0.3' ],
53 silly audit   'buffer-equal-constant-time': [ '1.0.1' ],
53 silly audit   'buffer-from': [ '1.1.2' ],
53 silly audit   'buffer-xor': [ '1.0.3' ],
53 silly audit   'bundle-name': [ '4.1.0' ],
53 silly audit   bytes: [ '3.1.2', '3.0.0' ],
53 silly audit   'call-bind': [ '1.0.7' ],
53 silly audit   'camel-case': [ '4.1.2' ],
53 silly audit   camelize: [ '1.0.1' ],
53 silly audit   'caniuse-lite': [ '1.0.30001636' ],
53 silly audit   'canvas-gauges': [ '2.1.7' ],
53 silly audit   chalk: [ '2.4.2', '4.1.2' ],
53 silly audit   'chart.js': [ '3.9.1' ],
53 silly audit   'chartjs-adapter-date-fns': [ '3.0.0' ],
53 silly audit   'cheap-ruler': [ '3.0.2' ],
53 silly audit   chokidar: [ '3.6.0' ],
53 silly audit   chownr: [ '2.0.0' ],
53 silly audit   'chrome-trace-event': [ '1.0.4' ],
53 silly audit   'cipher-base': [ '1.0.4' ],
53 silly audit   'clean-css': [ '5.3.3' ],
53 silly audit   cliui: [ '8.0.1' ],
53 silly audit   'clone-deep': [ '4.0.1' ],
53 silly audit   clsx: [ '2.1.1' ],
53 silly audit   'color-convert': [ '1.9.3', '2.0.1' ],
53 silly audit   'color-name': [ '1.1.3', '1.1.4' ],
53 silly audit   'color-support': [ '1.1.3' ],
53 silly audit   colorette: [ '2.0.20' ],
53 silly audit   'combined-stream': [ '1.0.8' ],
53 silly audit   commander: [ '8.3.0', '7.2.0', '2.20.3', '10.0.1' ],
53 silly audit   'common-path-prefix': [ '3.0.0' ],
53 silly audit   compressible: [ '2.0.18' ],
53 silly audit   compression: [ '1.7.4' ],
53 silly audit   'safe-buffer': [ '5.1.2', '5.2.1' ],
53 silly audit   'concat-map': [ '0.0.1' ],
53 silly audit   concurrently: [ '8.2.2' ],
53 silly audit   'supports-color': [ '7.2.0', '8.1.1', '5.5.0' ],
53 silly audit   'date-fns': [ '2.30.0', '3.6.0' ],
53 silly audit   'has-flag': [ '4.0.0', '3.0.0' ],
53 silly audit   'connect-history-api-fallback': [ '2.0.0' ],
53 silly audit   'console-control-strings': [ '1.1.0' ],
53 silly audit   'content-disposition': [ '0.5.4' ],
53 silly audit   'content-type': [ '1.0.5' ],
53 silly audit   'convert-source-map': [ '2.0.0' ],
53 silly audit   cookie: [ '0.4.2', '0.6.0' ],
53 silly audit   'cookie-signature': [ '1.0.6' ],
53 silly audit   'core-js': [ '3.38.0', '1.2.7' ],
53 silly audit   'core-js-compat': [ '3.37.1' ],
53 silly audit   'core-util-is': [ '1.0.3' ],
53 silly audit   cors: [ '2.8.5' ],
53 silly audit   'create-ecdh': [ '4.0.4' ],
53 silly audit   'create-hash': [ '1.2.0' ],
53 silly audit   'create-hmac': [ '1.1.7' ],
53 silly audit   'create-react-class': [ '15.7.0' ],
53 silly audit   'cross-fetch': [ '3.1.8' ],
53 silly audit   'cross-spawn': [ '7.0.3' ],
53 silly audit   crypto: [ '1.0.1' ],
53 silly audit   'crypto-browserify': [ '3.12.0' ],
53 silly audit   'css-color-keywords': [ '1.0.0' ],
53 silly audit   'css-loader': [ '7.1.2' ],
53 silly audit   'css-select': [ '4.3.0' ],
53 silly audit   'css-to-react-native': [ '3.2.0' ],
53 silly audit   'css-what': [ '6.1.0' ],
53 silly audit   csscolorparser: [ '1.0.3' ],
53 silly audit   cssesc: [ '3.0.0' ],
53 silly audit   csstype: [ '3.1.3' ],
53 silly audit   d3: [ '7.9.0' ],
53 silly audit   'd3-array': [ '3.2.4' ],
53 silly audit   'd3-axis': [ '3.0.0' ],
53 silly audit   'd3-brush': [ '3.0.0' ],
53 silly audit   'd3-chord': [ '3.0.1' ],
53 silly audit   'd3-color': [ '3.1.0' ],
53 silly audit   'd3-contour': [ '4.0.2' ],
53 silly audit   'd3-delaunay': [ '6.0.4' ],
53 silly audit   'd3-dispatch': [ '3.0.1' ],
53 silly audit   'd3-drag': [ '3.0.0' ],
53 silly audit   'd3-dsv': [ '3.0.1' ],
53 silly audit   'iconv-lite': [ '0.6.3', '0.4.24' ],
53 silly audit   'd3-ease': [ '3.0.1' ],
53 silly audit   'd3-fetch': [ '3.0.1' ],
53 silly audit   'd3-force': [ '3.0.0' ],
53 silly audit   'd3-format': [ '3.1.0' ],
53 silly audit   'd3-geo': [ '3.1.1' ],
53 silly audit   'd3-hierarchy': [ '3.1.2' ],
53 silly audit   'd3-interpolate': [ '3.0.1' ],
53 silly audit   'd3-path': [ '3.1.0' ],
53 silly audit   'd3-polygon': [ '3.0.1' ],
53 silly audit   'd3-quadtree': [ '3.0.1' ],
53 silly audit   'd3-random': [ '3.0.1' ],
53 silly audit   'd3-scale': [ '4.0.2' ],
53 silly audit   'd3-scale-chromatic': [ '3.1.0' ],
53 silly audit   'd3-selection': [ '3.0.0' ],
53 silly audit   'd3-shape': [ '3.2.0' ],
53 silly audit   'd3-time': [ '3.1.0' ],
53 silly audit   'd3-time-format': [ '4.1.0' ],
53 silly audit   'd3-timer': [ '3.0.1' ],
53 silly audit   'd3-transition': [ '3.0.1' ],
53 silly audit   'd3-zoom': [ '3.0.0' ],
53 silly audit   dayjs: [ '1.11.11' ],
53 silly audit   'decimal.js-light': [ '2.5.1' ],
53 silly audit   deepmerge: [ '4.3.1' ],
53 silly audit   'default-browser': [ '5.2.1' ],
53 silly audit   'default-browser-id': [ '5.0.0' ],
53 silly audit   'default-gateway': [ '6.0.3' ],
53 silly audit   'define-data-property': [ '1.1.4' ],
53 silly audit   'define-lazy-prop': [ '3.0.0' ],
53 silly audit   delaunator: [ '5.0.1' ],
53 silly audit   'delayed-stream': [ '1.0.0' ],
53 silly audit   delegates: [ '1.0.0' ],
53 silly audit   denque: [ '2.1.0' ],
53 silly audit   depd: [ '2.0.0', '1.1.2' ],
53 silly audit   'des.js': [ '1.1.0' ],
53 silly audit   destroy: [ '1.2.0' ],
53 silly audit   'detect-libc': [ '2.0.3' ],
53 silly audit   'detect-node': [ '2.1.0' ],
53 silly audit   'diffie-hellman': [ '5.0.3' ],
53 silly audit   'dns-packet': [ '5.6.1' ],
53 silly audit   'dom-converter': [ '0.2.0' ],
53 silly audit   'dom-helpers': [ '5.2.1' ],
53 silly audit   'dom-serializer': [ '1.4.1' ],
53 silly audit   domelementtype: [ '2.3.0' ],
53 silly audit   domhandler: [ '4.3.1' ],
53 silly audit   domutils: [ '2.8.0' ],
53 silly audit   'dot-case': [ '3.0.4' ],
53 silly audit   earcut: [ '2.2.4' ],
53 silly audit   eastasianwidth: [ '0.2.0' ],
53 silly audit   'ecdsa-sig-formatter': [ '1.0.11' ],
53 silly audit   'ee-first': [ '1.1.1' ],
53 silly audit   'electron-to-chromium': [ '1.4.806' ],
53 silly audit   elliptic: [ '6.5.5' ],
53 silly audit   'emojis-list': [ '3.0.0' ],
53 silly audit   encodeurl: [ '1.0.2' ],
53 silly audit   encoding: [ '0.1.13' ],
53 silly audit   'engine.io': [ '6.5.5' ],
53 silly audit   'engine.io-client': [ '6.5.4' ],
53 silly audit   'engine.io-parser': [ '5.2.2' ],
53 silly audit   'enhanced-resolve': [ '5.17.0' ],
53 silly audit   entities: [ '2.2.0' ],
53 silly audit   envinfo: [ '7.13.0' ],
53 silly audit   'es-define-property': [ '1.0.0' ],
53 silly audit   'es-errors': [ '1.3.0' ],
53 silly audit   'es-module-lexer': [ '1.5.3' ],
53 silly audit   escalade: [ '3.1.2' ],
53 silly audit   'escape-html': [ '1.0.3' ],
53 silly audit   'escape-string-regexp': [ '1.0.5' ],
53 silly audit   'eslint-scope': [ '5.1.1' ],
53 silly audit   esrecurse: [ '4.3.0' ],
53 silly audit   estraverse: [ '5.3.0', '4.3.0' ],
53 silly audit   esutils: [ '2.0.3' ],
53 silly audit   etag: [ '1.8.1' ],
53 silly audit   eventemitter3: [ '4.0.7' ],
53 silly audit   events: [ '3.3.0' ],
53 silly audit   evp_bytestokey: [ '1.0.3' ],
53 silly audit   execa: [ '5.1.1' ],
53 silly audit   express: [ '4.19.2' ],
53 silly audit   'fast-deep-equal': [ '3.1.3' ],
53 silly audit   'fast-equals': [ '5.0.1' ],
53 silly audit   'fast-json-stable-stringify': [ '2.1.0' ],
53 silly audit   'fastest-levenshtein': [ '1.0.16' ],
53 silly audit   'faye-websocket': [ '0.11.4' ],
53 silly audit   fbjs: [ '3.0.5', '0.8.18' ],
53 silly audit   'fbjs-css-vars': [ '1.0.2' ],
53 silly audit   fflate: [ '0.8.2' ],
53 silly audit   'file-loader': [ '6.2.0' ],
53 silly audit   'json-schema-traverse': [ '0.4.1', '1.0.0' ],
53 silly audit   'schema-utils': [ '3.3.0', '4.2.0' ],
53 silly audit   'fill-range': [ '7.1.1' ],
53 silly audit   finalhandler: [ '1.2.0' ],
53 silly audit   'find-cache-dir': [ '4.0.0' ],
53 silly audit   'find-up': [ '6.3.0', '4.1.0' ],
53 silly audit   flat: [ '5.0.2' ],
53 silly audit   'follow-redirects': [ '1.15.6' ],
53 silly audit   'for-each': [ '0.3.3' ],
53 silly audit   'foreground-child': [ '3.2.1' ],
53 silly audit   'signal-exit': [ '4.1.0', '3.0.7' ],
53 silly audit   'form-data': [ '4.0.0' ],
53 silly audit   forwarded: [ '0.2.0' ],
53 silly audit   fresh: [ '0.5.2' ],
53 silly audit   'fs-minipass': [ '2.1.0' ],
53 silly audit   minipass: [ '3.3.6', '5.0.0', '7.1.2' ],
53 silly audit   yallist: [ '4.0.0', '3.1.1' ],
53 silly audit   'fs.realpath': [ '1.0.0' ],
53 silly audit   fsevents: [ '2.3.3' ],
53 silly audit   'function-bind': [ '1.1.2' ],
53 silly audit   gauge: [ '3.0.2' ],
53 silly audit   'generate-function': [ '2.3.1' ],
53 silly audit   gensync: [ '1.0.0-beta.2' ],
53 silly audit   'geojson-vt': [ '3.2.1' ],
53 silly audit   'get-caller-file': [ '2.0.5' ],
53 silly audit   'get-intrinsic': [ '1.2.4' ],
53 silly audit   'get-stream': [ '6.0.1' ],
53 silly audit   'gl-matrix': [ '3.4.3' ],
53 silly audit   glob: [ '7.2.3', '10.4.2' ],
53 silly audit   'glob-parent': [ '5.1.2' ],
53 silly audit   'glob-to-regexp': [ '0.4.1' ],
53 silly audit   globals: [ '11.12.0' ],
53 silly audit   gopd: [ '1.0.1' ],
53 silly audit   'graceful-fs': [ '4.2.11' ],
53 silly audit   'grid-index': [ '1.1.0' ],
53 silly audit   'handle-thing': [ '2.0.1' ],
53 silly audit   'has-property-descriptors': [ '1.0.2' ],
53 silly audit   'has-proto': [ '1.0.3' ],
53 silly audit   'has-symbols': [ '1.0.3' ],
53 silly audit   'has-tostringtag': [ '1.0.2' ],
53 silly audit   'has-unicode': [ '2.0.1' ],
53 silly audit   'hash-base': [ '3.0.4' ],
53 silly audit   'hash.js': [ '1.1.7' ],
53 silly audit   hasown: [ '2.0.2' ],
53 silly audit   he: [ '1.2.0' ],
53 silly audit   'hmac-drbg': [ '1.0.1' ],
53 silly audit   'hpack.js': [ '2.1.6' ],
53 silly audit   'html-entities': [ '2.5.2' ],
53 silly audit   'html-minifier-terser': [ '6.1.0' ],
53 silly audit   'html-webpack-plugin': [ '5.6.0' ],
53 silly audit   htmlparser2: [ '6.1.0' ],
53 silly audit   'http-deceiver': [ '1.2.7' ],
53 silly audit   'http-errors': [ '2.0.0', '1.6.3' ],
53 silly audit   'http-parser-js': [ '0.5.8' ],
53 silly audit   'http-proxy': [ '1.18.1' ],
53 silly audit   'http-proxy-middleware': [ '2.0.6' ],
53 silly audit   'https-proxy-agent': [ '5.0.1' ],
53 silly audit   'human-signals': [ '2.1.0' ],
53 silly audit   hyperdyperid: [ '1.2.0' ],
53 silly audit   'icss-utils': [ '5.1.0' ],
53 silly audit   ieee754: [ '1.2.1' ],
53 silly audit   'import-local': [ '3.1.0' ],
53 silly audit   'locate-path': [ '5.0.0', '7.2.0' ],
53 silly audit   'p-limit': [ '2.3.0', '4.0.0' ],
53 silly audit   'p-locate': [ '4.1.0', '6.0.0' ],
53 silly audit   'path-exists': [ '4.0.0', '5.0.0' ],
53 silly audit   'pkg-dir': [ '4.2.0', '7.0.0' ],
53 silly audit   inflight: [ '1.0.6' ],
53 silly audit   inherits: [ '2.0.4', '2.0.3' ],
53 silly audit   internmap: [ '2.0.3' ],
53 silly audit   interpret: [ '3.1.1' ],
53 silly audit   'ipaddr.js': [ '2.2.0', '1.9.1' ],
53 silly audit   'is-arguments': [ '1.1.1' ],
53 silly audit   'is-binary-path': [ '2.1.0' ],
53 silly audit   'is-callable': [ '1.2.7' ],
53 silly audit   'is-core-module': [ '2.13.1' ],
53 silly audit   'is-docker': [ '3.0.0' ],
53 silly audit   'is-extglob': [ '2.1.1' ],
53 silly audit   'is-fullwidth-code-point': [ '3.0.0' ],
53 silly audit   'is-generator-function': [ '1.0.10' ],
53 silly audit   'is-glob': [ '4.0.3' ],
53 silly audit   'is-inside-container': [ '1.0.0' ],
53 silly audit   'is-network-error': [ '1.1.0' ],
53 silly audit   'is-number': [ '7.0.0' ],
53 silly audit   'is-plain-obj': [ '3.0.0' ],
53 silly audit   'is-plain-object': [ '2.0.4' ],
53 silly audit   'is-property': [ '1.0.2' ],
53 silly audit   'is-stream': [ '2.0.1', '1.1.0' ],
53 silly audit   'is-typed-array': [ '1.1.13' ],
53 silly audit   'is-wsl': [ '3.1.0' ],
53 silly audit   isarray: [ '1.0.0' ],
53 silly audit   isexe: [ '2.0.0' ],
53 silly audit   isobject: [ '3.0.1' ],
53 silly audit   'isomorphic-fetch': [ '3.0.0', '2.2.1' ],
53 silly audit   jackspeak: [ '3.4.0' ],
53 silly audit   'jest-worker': [ '27.5.1' ],
53 silly audit   joi: [ '17.13.3' ],
53 silly audit   'js-tokens': [ '4.0.0' ],
53 silly audit   jsesc: [ '2.5.2', '0.5.0' ],
53 silly audit   'json-parse-even-better-errors': [ '2.3.1' ],
53 silly audit   json5: [ '2.2.3' ],
53 silly audit   jsonwebtoken: [ '9.0.2' ],
53 silly audit   jwa: [ '1.4.1' ],
53 silly audit   jws: [ '3.2.2' ],
53 silly audit   'jwt-decode': [ '4.0.0' ],
53 silly audit   kdbush: [ '4.0.2' ],
53 silly audit   'kind-of': [ '6.0.3' ],
53 silly audit   'launch-editor': [ '2.8.0' ],
53 silly audit   'loader-runner': [ '4.3.0' ],
53 silly audit   'loader-utils': [ '2.0.4' ],
53 silly audit   lodash: [ '4.17.21' ],
53 silly audit   'lodash.clonedeep': [ '4.5.0' ],
53 silly audit   'lodash.debounce': [ '4.0.8' ],
53 silly audit   'lodash.includes': [ '4.3.0' ],
53 silly audit   'lodash.isboolean': [ '3.0.3' ],
53 silly audit   'lodash.isinteger': [ '4.0.4' ],
53 silly audit   'lodash.isnumber': [ '3.0.3' ],
53 silly audit   'lodash.isplainobject': [ '4.0.6' ],
53 silly audit   'lodash.isstring': [ '4.0.1' ],
53 silly audit   'lodash.once': [ '4.1.1' ],
53 silly audit   long: [ '5.2.3' ],
53 silly audit   'loose-envify': [ '1.4.0' ],
53 silly audit   'lower-case': [ '2.0.2' ],
53 silly audit   'lru-cache': [ '5.1.1', '8.0.5', '7.18.3', '10.2.2' ],
53 silly audit   'make-dir': [ '3.1.0' ],
53 silly audit   'mapbox-gl': [ '3.4.0' ],
53 silly audit   'md5.js': [ '1.3.5' ],
53 silly audit   'media-typer': [ '0.3.0' ],
53 silly audit   memfs: [ '4.9.3' ],
53 silly audit   'merge-descriptors': [ '1.0.1' ],
53 silly audit   'merge-stream': [ '2.0.0' ],
53 silly audit   methods: [ '1.1.2' ],
53 silly audit   micromatch: [ '4.0.7' ],
53 silly audit   'miller-rabin': [ '4.0.1' ],
53 silly audit   mime: [ '1.6.0' ],
53 silly audit   'mime-db': [ '1.52.0' ],
53 silly audit   'mime-types': [ '2.1.35' ],
53 silly audit   'mimic-fn': [ '2.1.0' ],
53 silly audit   'minimalistic-assert': [ '1.0.1' ],
53 silly audit   'minimalistic-crypto-utils': [ '1.0.1' ],
53 silly audit   minimatch: [ '3.1.2', '9.0.4' ],
53 silly audit   minizlib: [ '2.1.2' ],
53 silly audit   mkdirp: [ '1.0.4' ],
53 silly audit   'moment-timezone': [ '0.5.45' ],
53 silly audit   'multicast-dns': [ '7.2.5' ],
53 silly audit   'murmurhash-js': [ '1.0.0' ],
53 silly audit   mysql2: [ '3.10.1' ],
53 silly audit   'named-placeholders': [ '1.1.3' ],
53 silly audit   nanoid: [ '3.3.7' ],
53 silly audit   negotiator: [ '0.6.3' ],
53 silly audit   'neo-async': [ '2.6.2' ],
53 silly audit   'no-case': [ '3.0.4' ],
53 silly audit   'node-addon-api': [ '5.1.0' ],
53 silly audit   'node-fetch': [ '2.7.0', '1.7.3' ],
53 silly audit   'node-forge': [ '1.3.1' ],
53 silly audit   'node-releases': [ '2.0.14' ],
53 silly audit   nodemailer: [ '6.9.14' ],
53 silly audit   nopt: [ '5.0.0' ],
53 silly audit   'normalize-path': [ '3.0.0' ],
53 silly audit   'npm-run-path': [ '4.0.1' ],
53 silly audit   npmlog: [ '5.0.1' ],
53 silly audit   'nth-check': [ '2.1.1' ],
53 silly audit   'object-assign': [ '4.1.1' ],
53 silly audit   'object-inspect': [ '1.13.1' ],
53 silly audit   obuf: [ '1.1.2' ],
53 silly audit   'on-finished': [ '2.4.1' ],
53 silly audit   'on-headers': [ '1.0.2' ],
53 silly audit   once: [ '1.4.0' ],
53 silly audit   onetime: [ '5.1.2' ],
53 silly audit   open: [ '10.1.0' ],
53 silly audit   'p-retry': [ '6.2.0' ],
53 silly audit   'p-try': [ '2.2.0' ],
53 silly audit   'package-json-from-dist': [ '1.0.0' ],
53 silly audit   'param-case': [ '3.0.4' ],
53 silly audit   'parse-asn1': [ '5.1.7' ],
53 silly audit   parseurl: [ '1.3.3' ],
53 silly audit   'pascal-case': [ '3.1.2' ],
53 silly audit   'path-is-absolute': [ '1.0.1' ],
53 silly audit   'path-key': [ '3.1.1' ],
53 silly audit   'path-parse': [ '1.0.7' ],
53 silly audit   'path-scurry': [ '1.11.1' ],
53 silly audit   'path-to-regexp': [ '0.1.7' ],
53 silly audit   pbf: [ '3.2.1' ],
53 silly audit   pbkdf2: [ '3.1.2' ],
53 silly audit   picocolors: [ '1.0.1' ],
53 silly audit   picomatch: [ '2.3.1' ],
53 silly audit   'possible-typed-array-names': [ '1.0.0' ],
53 silly audit   postcss: [ '8.4.38' ],
53 silly audit   'postcss-modules-extract-imports': [ '3.1.0' ],
53 silly audit   'postcss-modules-local-by-default': [ '4.0.5' ],
53 silly audit   'postcss-modules-scope': [ '3.2.0' ],
53 silly audit   'postcss-modules-values': [ '4.0.0' ],
53 silly audit   'postcss-selector-parser': [ '6.1.0' ],
53 silly audit   'postcss-value-parser': [ '4.2.0' ],
53 silly audit   potpack: [ '2.0.0' ],
53 silly audit   'pretty-error': [ '4.0.0' ],
53 silly audit   process: [ '0.11.10' ],
53 silly audit   'process-nextick-args': [ '2.0.1' ],
53 silly audit   promise: [ '7.3.1' ],
53 silly audit   'prop-types': [ '15.8.1' ],
53 silly audit   'protocol-buffers-schema': [ '3.6.0' ],
53 silly audit   'proxy-addr': [ '2.0.7' ],
53 silly audit   'proxy-from-env': [ '1.1.0' ],
53 silly audit   'public-encrypt': [ '4.0.3' ],
53 silly audit   punycode: [ '2.3.1' ],
53 silly audit   qs: [ '6.11.0' ],
53 silly audit   quickselect: [ '2.0.0' ],
53 silly audit   randombytes: [ '2.1.0' ],
53 silly audit   randomfill: [ '1.0.4' ],
53 silly audit   'range-parser': [ '1.2.1' ],
53 silly audit   'raw-body': [ '2.5.2' ],
53 silly audit   react: [ '18.3.1', '15.7.0' ],
53 silly audit   'react-chartjs-2': [ '4.3.1' ],
53 silly audit   'react-datepicker': [ '7.3.0' ],
53 silly audit   'react-dom': [ '18.3.1', '15.7.0' ],
53 silly audit   'react-environment-chart': [ '0.1.7' ],
53 silly audit   'ua-parser-js': [ '0.7.38', '1.0.38' ],
53 silly audit   'react-gauge-chart': [ '0.5.1' ],
53 silly audit   'react-is': [ '16.13.1' ],
53 silly audit   'react-onclickoutside': [ '6.13.1' ],
53 silly audit   'react-router': [ '6.23.1' ],
53 silly audit   'react-router-dom': [ '6.23.1' ],
53 silly audit   'react-smooth': [ '4.0.1' ],
53 silly audit   'react-transition-group': [ '4.4.5' ],
53 silly audit   readdirp: [ '3.6.0' ],
53 silly audit   recharts: [ '2.12.7' ],
53 silly audit   'recharts-scale': [ '0.4.5' ],
53 silly audit   rechoir: [ '0.8.0' ],
53 silly audit   regenerate: [ '1.4.2' ],
53 silly audit   'regenerate-unicode-properties': [ '10.1.1' ],
53 silly audit   'regenerator-runtime': [ '0.14.1' ],
53 silly audit   'regenerator-transform': [ '0.15.2' ],
53 silly audit   'regexpu-core': [ '5.3.2' ],
53 silly audit   regjsparser: [ '0.9.1' ],
53 silly audit   relateurl: [ '0.2.7' ],
53 silly audit   renderkid: [ '3.0.0' ],
53 silly audit   'require-directory': [ '2.1.1' ],
53 silly audit   'require-from-string': [ '2.0.2' ],
53 silly audit   'requires-port': [ '1.0.0' ],
53 silly audit   resolve: [ '1.22.8' ],
53 silly audit   'resolve-cwd': [ '3.0.0' ],
53 silly audit   'resolve-from': [ '5.0.0' ],
53 silly audit   'resolve-protobuf-schema': [ '2.1.0' ],
53 silly audit   retry: [ '0.13.1' ],
53 silly audit   rimraf: [ '3.0.2', '5.0.7' ],
53 silly audit   ripemd160: [ '2.0.2' ],
53 silly audit   'robust-predicates': [ '3.0.2' ],
53 silly audit   'run-applescript': [ '7.0.0' ],
53 silly audit   rw: [ '1.3.3' ],
53 silly audit   rxjs: [ '7.8.1' ],
53 silly audit   'safer-buffer': [ '2.1.2' ],
53 silly audit   scheduler: [ '0.23.2' ],
53 silly audit   scmp: [ '2.1.0' ],
53 silly audit   'select-hose': [ '2.0.0' ],
53 silly audit   selfsigned: [ '2.4.1' ],
53 silly audit   send: [ '0.18.0' ],
53 silly audit   'seq-queue': [ '0.0.5' ],
53 silly audit   'serialize-javascript': [ '6.0.2' ],
53 silly audit   'serialize-to-js': [ '3.1.2' ],
53 silly audit   'serve-index': [ '1.9.1' ],
53 silly audit   setprototypeof: [ '1.1.0', '1.2.0' ],
53 silly audit   statuses: [ '1.5.0', '2.0.1' ],
53 silly audit   'serve-static': [ '1.15.0' ],
53 silly audit   'set-blocking': [ '2.0.0' ],
53 silly audit   'set-function-length': [ '1.2.2' ],
53 silly audit   setimmediate: [ '1.0.5' ],
53 silly audit   'sha.js': [ '2.4.11' ],
53 silly audit   'shallow-clone': [ '3.0.1' ],
53 silly audit   shallowequal: [ '1.1.0' ],
53 silly audit   'shebang-command': [ '2.0.0' ],
53 silly audit   'shebang-regex': [ '3.0.0' ],
53 silly audit   'shell-quote': [ '1.8.1' ],
53 silly audit   'side-channel': [ '1.0.6' ],
53 silly audit   'socket.io': [ '4.7.5' ],
53 silly audit   'socket.io-adapter': [ '2.5.5' ],
53 silly audit   'socket.io-client': [ '4.7.5' ],
53 silly audit   'socket.io-parser': [ '4.2.4' ],
53 silly audit   sockjs: [ '0.3.24' ],
53 silly audit   'source-map': [ '0.6.1' ],
53 silly audit   'source-map-js': [ '1.2.0' ],
53 silly audit   'source-map-support': [ '0.5.21' ],
53 silly audit   'spawn-command': [ '0.0.2' ],
53 silly audit   spdy: [ '4.0.2' ],
53 silly audit   'spdy-transport': [ '3.0.0' ],
53 silly audit   sqlstring: [ '2.3.3' ],
53 silly audit   'stream-browserify': [ '3.0.0' ],
53 silly audit   string_decoder: [ '1.1.1' ],
53 silly audit   'strip-final-newline': [ '2.0.0' ],
53 silly audit   'style-loader': [ '4.0.0' ],
53 silly audit   'styled-components': [ '6.1.12' ],
53 silly audit   tslib: [ '2.6.2', '2.6.3' ],
53 silly audit   stylis: [ '4.3.2' ],
53 silly audit   supercluster: [ '8.0.1' ],
53 silly audit   'supports-preserve-symlinks-flag': [ '1.0.0' ],
53 silly audit   tabbable: [ '6.2.0' ],
53 silly audit   tapable: [ '2.2.1' ],
53 silly audit   tar: [ '6.2.1' ],
53 silly audit   terser: [ '5.31.1' ],
53 silly audit   'terser-webpack-plugin': [ '5.3.10' ],
53 silly audit   thingies: [ '1.21.0' ],
53 silly audit   thunky: [ '1.1.0' ],
53 silly audit   'tiny-invariant': [ '1.3.3' ],
53 silly audit   'tiny-lru': [ '11.2.6' ],
53 silly audit   tinyqueue: [ '2.0.3' ],
53 silly audit   'to-fast-properties': [ '2.0.0' ],
53 silly audit   'to-regex-range': [ '5.0.1' ],
53 silly audit   toidentifier: [ '1.0.1' ],
53 silly audit   tr46: [ '0.0.3' ],
53 silly audit   'tree-dump': [ '1.0.1' ],
53 silly audit   'tree-kill': [ '1.2.2' ],
53 silly audit   tweakpane: [ '4.0.3' ],
53 silly audit   twilio: [ '5.2.2' ],
53 silly audit   'type-is': [ '1.6.18' ],
53 silly audit   'undici-types': [ '5.26.5' ],
53 silly audit   'unicode-canonical-property-names-ecmascript': [ '2.0.0' ],
53 silly audit   'unicode-match-property-ecmascript': [ '2.0.0' ],
53 silly audit   'unicode-match-property-value-ecmascript': [ '2.1.0' ],
53 silly audit   'unicode-property-aliases-ecmascript': [ '2.1.0' ],
53 silly audit   unpipe: [ '1.0.0' ],
53 silly audit   'update-browserslist-db': [ '1.0.16' ],
53 silly audit   'uri-js': [ '4.4.1' ],
53 silly audit   util: [ '0.12.5' ],
53 silly audit   'util-deprecate': [ '1.0.2' ],
53 silly audit   utila: [ '0.4.0' ],
53 silly audit   'utils-merge': [ '1.0.1' ],
53 silly audit   uuid: [ '8.3.2' ],
53 silly audit   vary: [ '1.1.2' ],
53 silly audit   'victory-vendor': [ '36.9.2' ],
53 silly audit   'vm-browserify': [ '1.1.2' ],
53 silly audit   'vt-pbf': [ '3.1.3' ],
53 silly audit   watchpack: [ '2.4.1' ],
53 silly audit   wbuf: [ '1.7.3' ],
53 silly audit   'webidl-conversions': [ '3.0.1' ],
53 silly audit   webpack: [ '5.92.0' ],
53 silly audit   'webpack-cli': [ '5.1.4' ],
53 silly audit   'webpack-dev-middleware': [ '7.2.1' ],
53 silly audit   'webpack-dev-server': [ '5.0.4' ],
53 silly audit   'webpack-merge': [ '5.10.0' ],
53 silly audit   'webpack-sources': [ '3.2.3' ],
53 silly audit   'websocket-driver': [ '0.7.4' ],
53 silly audit   'websocket-extensions': [ '0.1.4' ],
53 silly audit   'whatwg-fetch': [ '3.6.20' ],
53 silly audit   'whatwg-url': [ '5.0.0' ],
53 silly audit   which: [ '2.0.2' ],
53 silly audit   'which-typed-array': [ '1.1.15' ],
53 silly audit   'wide-align': [ '1.1.5' ],
53 silly audit   wildcard: [ '2.0.1' ],
53 silly audit   wrappy: [ '1.0.2' ],
53 silly audit   ws: [ '8.17.1' ],
53 silly audit   xmlbuilder: [ '13.0.2' ],
53 silly audit   'xmlhttprequest-ssl': [ '2.0.0' ],
53 silly audit   y18n: [ '5.0.8' ],
53 silly audit   yargs: [ '17.7.2' ],
53 silly audit   'yargs-parser': [ '21.1.1' ],
53 silly audit   'yocto-queue': [ '1.0.0' ],
53 silly audit   moment: [ '2.30.1' ]
53 silly audit }
54 verbose reify failed optional dependency /home/servicios/servicios/node_modules/fsevents
55 silly reify mark deleted [ '/home/servicios/servicios/node_modules/fsevents' ]
56 timing reifyNode:node_modules/fsevents Completed in 5ms
57 timing reify:unpack Completed in 5ms
58 timing reify:unretire Completed in 0ms
59 timing build:queue Completed in 12ms
60 timing build:deps Completed in 12ms
61 timing build Completed in 14ms
62 timing reify:build Completed in 14ms
63 timing reify:trash Completed in 5ms
64 http fetch POST 200 https://registry.npmjs.org/-/npm/v1/security/advisories/bulk 311ms
65 timing auditReport:getReport Completed in 329ms
66 silly audit report {
66 silly audit report   axios: [
66 silly audit report     {
66 silly audit report       id: 1098583,
66 silly audit report       url: 'https://github.com/advisories/GHSA-8hc4-vh64-cxmj',
66 silly audit report       title: 'Server-Side Request Forgery in axios',
66 silly audit report       severity: 'high',
66 silly audit report       vulnerable_versions: '>=1.3.2 <=1.7.3',
66 silly audit report       cwe: [Array],
66 silly audit report       cvss: [Object]
66 silly audit report     }
66 silly audit report   ],
66 silly audit report   elliptic: [
66 silly audit report     {
66 silly audit report       id: 1098593,
66 silly audit report       url: 'https://github.com/advisories/GHSA-f7q4-pwc6-w24p',
66 silly audit report       title: "Elliptic's EDDSA missing signature length check",
66 silly audit report       severity: 'low',
66 silly audit report       vulnerable_versions: '>=4.0.0 <=6.5.6',
66 silly audit report       cwe: [Array],
66 silly audit report       cvss: [Object]
66 silly audit report     },
66 silly audit report     {
66 silly audit report       id: 1098594,
66 silly audit report       url: 'https://github.com/advisories/GHSA-977x-g7h5-7qgw',
66 silly audit report       title: "Elliptic's ECDSA missing check for whether leading bit of r and s is zero",
66 silly audit report       severity: 'low',
66 silly audit report       vulnerable_versions: '>=2.0.0 <=6.5.6',
66 silly audit report       cwe: [Array],
66 silly audit report       cvss: [Object]
66 silly audit report     },
66 silly audit report     {
66 silly audit report       id: 1098595,
66 silly audit report       url: 'https://github.com/advisories/GHSA-49q7-c7j4-3p7m',
66 silly audit report       title: 'Elliptic allows BER-encoded signatures',
66 silly audit report       severity: 'low',
66 silly audit report       vulnerable_versions: '>=5.2.1 <=6.5.6',
66 silly audit report       cwe: [Array],
66 silly audit report       cvss: [Object]
66 silly audit report     }
66 silly audit report   ],
66 silly audit report   micromatch: [
66 silly audit report     {
66 silly audit report       id: 1098681,
66 silly audit report       url: 'https://github.com/advisories/GHSA-952p-6rrq-rcjv',
66 silly audit report       title: 'Regular Expression Denial of Service (ReDoS) in micromatch',
66 silly audit report       severity: 'moderate',
66 silly audit report       vulnerable_versions: '<4.0.8',
66 silly audit report       cwe: [Array],
66 silly audit report       cvss: [Object]
66 silly audit report     }
66 silly audit report   ],
66 silly audit report   'node-fetch': [
66 silly audit report     {
66 silly audit report       id: 1095073,
66 silly audit report       url: 'https://github.com/advisories/GHSA-r683-j2x4-v87g',
66 silly audit report       title: 'node-fetch forwards secure headers to untrusted sites',
66 silly audit report       severity: 'high',
66 silly audit report       vulnerable_versions: '<2.6.7',
66 silly audit report       cwe: [Array],
66 silly audit report       cvss: [Object]
66 silly audit report     }
66 silly audit report   ],
66 silly audit report   webpack: [
66 silly audit report     {
66 silly audit report       id: 1099351,
66 silly audit report       url: 'https://github.com/advisories/GHSA-4vvj-4cpr-p986',
66 silly audit report       title: "Webpack's AutoPublicPathRuntimeModule has a DOM Clobbering Gadget that leads to XSS",
66 silly audit report       severity: 'moderate',
66 silly audit report       vulnerable_versions: '>=5.0.0-alpha.0 <5.94.0',
66 silly audit report       cwe: [Array],
66 silly audit report       cvss: [Object]
66 silly audit report     }
66 silly audit report   ]
66 silly audit report }
67 timing metavuln:cache:get:security-advisory:webpack:7Pl1j4sHKhCQAEccTmt3XZIEEazRzvyC0TOx07N0G7o5OIhhZ0j0Ji3KSCbTwfmCR/2OHJ3Mx5ZmedDQEQeBbg== Completed in 4ms
68 timing reify:save Completed in 296ms
69 timing metavuln:cache:get:security-advisory:axios:A8udLrZcWN+DjwMEb6fshdN5n5UqnCxbUOi3f6updLXGwKik6oGDcb5NO4lCNOiL70Sj6OLiRrZ1dDDD3Cx4zQ== Completed in 136ms
70 timing metavuln:cache:get:security-advisory:elliptic:W/86Kc50wN7AAYe465OxgO9WfV6Np3qwN/shxE2hXibv7PGb4Ht7PubowIhpyzseQVO4p49yVZSStG9o7aEwtA== Completed in 135ms
71 timing metavuln:cache:get:security-advisory:elliptic:WnF65MLmUuqLctYYh6Vq18cUKmXHnFBayIi2MkTXv1JhcxUZUASaSyvJX8bB3H6XEkCfTCa8HEdHwtgZxPomtg== Completed in 135ms
72 timing metavuln:cache:get:security-advisory:elliptic:Q+zhy9gGpxIkC/vwAP/D3hTpOtwekv0hMd29XubUSuLvKyhpoi62LRbStICa8PAmLDzs9+2Qw9CTznWW7+cCBg== Completed in 135ms
73 timing metavuln:cache:get:security-advisory:micromatch:TlYHmS8BZBwkbsPHbTfH2/e91KJnOnqfC63ZoKdiRy+yt6biPd8BwjBdyfPUht1+ZO675I3Gg00RQPYaWiOm8Q== Completed in 135ms
74 timing metavuln:cache:get:security-advisory:node-fetch:Wb+t4nAQ2QbaIBANpGyR0NxscSBZkieQWww78xJqkUCEc1IjJximva83HGHVo/GYYeWrc8xY5cA+dCV5VX2QDA== Completed in 135ms
75 http fetch GET 200 https://registry.npmjs.org/axios 166ms (cache revalidated)
76 timing metavuln:packument:axios Completed in 169ms
77 timing metavuln:load:security-advisory:axios:1098583 Completed in 1ms
78 timing metavuln:calculate:security-advisory:axios:1098583 Completed in 172ms
79 http fetch GET 200 https://registry.npmjs.org/micromatch 200ms (cache revalidated)
80 timing metavuln:packument:micromatch Completed in 201ms
81 timing metavuln:load:security-advisory:micromatch:1098681 Completed in 0ms
82 timing metavuln:calculate:security-advisory:micromatch:1098681 Completed in 201ms
83 http fetch GET 200 https://registry.npmjs.org/webpack 221ms (cache revalidated)
84 timing metavuln:packument:webpack Completed in 238ms
85 timing metavuln:load:security-advisory:webpack:1099351 Completed in 25ms
86 http fetch GET 200 https://registry.npmjs.org/node-fetch 270ms (cache revalidated)
87 timing metavuln:packument:node-fetch Completed in 272ms
88 timing metavuln:load:security-advisory:node-fetch:1095073 Completed in 0ms
89 timing metavuln:calculate:security-advisory:node-fetch:1095073 Completed in 274ms
90 http fetch GET 200 https://registry.npmjs.org/elliptic 274ms (cache revalidated)
91 timing metavuln:packument:elliptic Completed in 275ms
92 timing metavuln:load:security-advisory:elliptic:1098593 Completed in 1ms
93 timing metavuln:calculate:security-advisory:elliptic:1098593 Completed in 277ms
94 timing metavuln:load:security-advisory:elliptic:1098594 Completed in 0ms
95 timing metavuln:calculate:security-advisory:elliptic:1098594 Completed in 276ms
96 timing metavuln:load:security-advisory:elliptic:1098595 Completed in 0ms
97 timing metavuln:calculate:security-advisory:elliptic:1098595 Completed in 276ms
98 timing metavuln:cache:put:security-advisory:webpack:7Pl1j4sHKhCQAEccTmt3XZIEEazRzvyC0TOx07N0G7o5OIhhZ0j0Ji3KSCbTwfmCR/2OHJ3Mx5ZmedDQEQeBbg== Completed in 13ms
99 timing metavuln:calculate:security-advisory:webpack:1099351 Completed in 276ms
100 timing metavuln:cache:get:security-advisory:@sendgrid/client:ZzmAQu7Od7GbXA5VQtzyTHcOoJNMYsRuaCtskqWjrTXwMRaeaGami48/b9rnQoyxRBZIeoc/LHmLvrFFIaqfgg== Completed in 4ms
101 timing metavuln:cache:get:security-advisory:twilio:n3J/fLEdWHAUXBHZKVKOV07xJu3fAAhn4Yed+GBW7JCj6se41pZnVNZDexCxwgUc0549o+4S7OJ57hCalbqr5g== Completed in 5ms
102 http fetch GET 200 https://registry.npmjs.org/twilio 60ms (cache revalidated)
103 timing metavuln:packument:twilio Completed in 64ms
104 timing metavuln:load:security-advisory:twilio:A8udLrZcWN+DjwMEb6fshdN5n5UqnCxbUOi3f6updLXGwKik6oGDcb5NO4lCNOiL70Sj6OLiRrZ1dDDD3Cx4zQ== Completed in 1ms
105 timing metavuln:calculate:security-advisory:twilio:A8udLrZcWN+DjwMEb6fshdN5n5UqnCxbUOi3f6updLXGwKik6oGDcb5NO4lCNOiL70Sj6OLiRrZ1dDDD3Cx4zQ== Completed in 65ms
106 http fetch GET 200 https://registry.npmjs.org/@sendgrid%2fclient 212ms (cache revalidated)
107 timing metavuln:packument:@sendgrid/client Completed in 213ms
108 timing metavuln:load:security-advisory:@sendgrid/client:A8udLrZcWN+DjwMEb6fshdN5n5UqnCxbUOi3f6updLXGwKik6oGDcb5NO4lCNOiL70Sj6OLiRrZ1dDDD3Cx4zQ== Completed in 0ms
109 timing metavuln:calculate:security-advisory:@sendgrid/client:A8udLrZcWN+DjwMEb6fshdN5n5UqnCxbUOi3f6updLXGwKik6oGDcb5NO4lCNOiL70Sj6OLiRrZ1dDDD3Cx4zQ== Completed in 213ms
110 timing metavuln:cache:get:security-advisory:browserify-sign:LKngyIj8UJnNZ0drjRuH6IbdhLKEGusp1Zkxu/TyVok/ZLHzKc2U4OcTSj6MYoo2JaR6s+Zt9I4R76X8F+9gvw== Completed in 4ms
111 timing metavuln:cache:get:security-advisory:create-ecdh:Chq2wBNiuUYr7P+bXBzF+jqSPhodi4KnE9KyKr7O0BHiACOV0LsRYSiLIZwL8DZZibTv4JLl7qqH1UExD5wm+Q== Completed in 4ms
112 http fetch GET 200 https://registry.npmjs.org/browserify-sign 40ms (cache revalidated)
113 timing metavuln:packument:browserify-sign Completed in 42ms
114 timing metavuln:load:security-advisory:browserify-sign:W/86Kc50wN7AAYe465OxgO9WfV6Np3qwN/shxE2hXibv7PGb4Ht7PubowIhpyzseQVO4p49yVZSStG9o7aEwtA== Completed in 0ms
115 timing metavuln:calculate:security-advisory:browserify-sign:W/86Kc50wN7AAYe465OxgO9WfV6Np3qwN/shxE2hXibv7PGb4Ht7PubowIhpyzseQVO4p49yVZSStG9o7aEwtA== Completed in 42ms
116 http fetch GET 200 https://registry.npmjs.org/create-ecdh 88ms (cache revalidated)
117 timing metavuln:packument:create-ecdh Completed in 88ms
118 timing metavuln:load:security-advisory:create-ecdh:W/86Kc50wN7AAYe465OxgO9WfV6Np3qwN/shxE2hXibv7PGb4Ht7PubowIhpyzseQVO4p49yVZSStG9o7aEwtA== Completed in 0ms
119 timing metavuln:calculate:security-advisory:create-ecdh:W/86Kc50wN7AAYe465OxgO9WfV6Np3qwN/shxE2hXibv7PGb4Ht7PubowIhpyzseQVO4p49yVZSStG9o7aEwtA== Completed in 89ms
120 timing metavuln:cache:get:security-advisory:http-proxy-middleware:9py1btI9xMGSzalzhZaUVyoLcySq0HseLfRCt+4pRYu8kEW6MRavokpyp+bG9P2YYIVdtv6nvXKVbbUMq77t9g== Completed in 5ms
121 http fetch GET 200 https://registry.npmjs.org/http-proxy-middleware 68ms (cache revalidated)
122 timing metavuln:packument:http-proxy-middleware Completed in 69ms
123 timing metavuln:load:security-advisory:http-proxy-middleware:TlYHmS8BZBwkbsPHbTfH2/e91KJnOnqfC63ZoKdiRy+yt6biPd8BwjBdyfPUht1+ZO675I3Gg00RQPYaWiOm8Q== Completed in 0ms
124 timing metavuln:calculate:security-advisory:http-proxy-middleware:TlYHmS8BZBwkbsPHbTfH2/e91KJnOnqfC63ZoKdiRy+yt6biPd8BwjBdyfPUht1+ZO675I3Gg00RQPYaWiOm8Q== Completed in 70ms
125 timing metavuln:cache:get:security-advisory:isomorphic-fetch:zM8SnVBE6Erpxehi2a4jW3g9S5MxV2lQyojNWYBTawx5q9dcyU33lf555QoGpbMytKRgmES/z1tgj9+kkapaaQ== Completed in 2ms
126 http fetch GET 200 https://registry.npmjs.org/isomorphic-fetch 74ms (cache revalidated)
127 timing metavuln:packument:isomorphic-fetch Completed in 74ms
128 timing metavuln:load:security-advisory:isomorphic-fetch:Wb+t4nAQ2QbaIBANpGyR0NxscSBZkieQWww78xJqkUCEc1IjJximva83HGHVo/GYYeWrc8xY5cA+dCV5VX2QDA== Completed in 0ms
129 timing metavuln:calculate:security-advisory:isomorphic-fetch:Wb+t4nAQ2QbaIBANpGyR0NxscSBZkieQWww78xJqkUCEc1IjJximva83HGHVo/GYYeWrc8xY5cA+dCV5VX2QDA== Completed in 74ms
130 timing metavuln:cache:get:security-advisory:@webpack-cli/configtest:xJhV3uPYmo74/zKXapV5krAbV3jWwvzos7D9yiHFHhAFDdXd/bP334EYGTBUlwUcuQPEmo50fojjVCVisGGFIQ== Completed in 11ms
131 timing metavuln:cache:get:security-advisory:@webpack-cli/info:Ldtj472hf5yVCFXWsCwuB1kYR/mOSU68pxu8Lo8I1VLIXnfbxEu4ID4H4siglwwDlm/yM7UP0N+CO2B9e7S71g== Completed in 10ms
132 timing metavuln:cache:get:security-advisory:@webpack-cli/serve:fOyrNylPz99fE3Lla0ntgCjm/7k0AedMNaEEspLkGlCLFEmj9XWgjSMsf7Jnz1G4y1yMMhQmw433ie0EvLkTPw== Completed in 11ms
133 timing metavuln:cache:get:security-advisory:babel-loader:OyYl8LTgtq3TxkD97mSxY8qGJgwaXqMfyRyvabAqRvmdr42fXMdTrGnjrsUbWO+Mf5XD4k37cQLTwqScV7mfyA== Completed in 10ms
134 timing metavuln:cache:get:security-advisory:css-loader:d7bZTMqCZOXmD1W7nHTq3L2+DZuzg95msmts27ook7t6svNtePjpGAjZZiNp+0sHWs5uA6xv44CunDLEHlIk0w== Completed in 10ms
135 timing metavuln:cache:get:security-advisory:file-loader:haNMNhXdPMnOb3D3UzrXiQ8Y3bYXi0ZwcPSQhaQbFl+0ZH4D110/L4lEpq1LyZsKUGzwwOn8U/0qlC6Q6uflnA== Completed in 10ms
136 timing metavuln:cache:get:security-advisory:html-webpack-plugin:NFEJ85xSuHFS4iKntwKteWZ1XwZAtM1VR0EesbcIZxSyUR4YjPy5M/I4G5hBqXVMwJKcfjS4bOXrmDtyWOGcMA== Completed in 9ms
137 timing metavuln:cache:get:security-advisory:style-loader:P7+2mg9kCq/IOwsXYgEETJyu9JR4VQdIBteP0nbsIZP2oMFkqQzosERmmmn4CLReG3yof/e0O9YomL5D3qpPDw== Completed in 9ms
138 timing metavuln:cache:get:security-advisory:terser-webpack-plugin:Uqotlq7e4p8a17Gch+uSLMmyilwazp3SdS5LgtQM1QyqzBW7FWPwyk3i/l7U7L2H764aPM6RPHDhd/ECqCZEZA== Completed in 10ms
139 timing metavuln:cache:get:security-advisory:webpack-cli:/nnF4DWRRr5vREfp1So3+1tEViG8gp4FBG0iYaE4bKt+dEZRXeEKKSDD3uVBMFoyh5qBVBar0v6Sv8NQcTMkcA== Completed in 9ms
140 timing metavuln:cache:get:security-advisory:webpack-dev-middleware:7J4EEarWYa+ICI8fbjBvISlQMeujWkfWLDpqjUND08jAqSNpoUX3l+EYniBQBU6YiRLw/26LoMmJPQONbvmODA== Completed in 8ms
141 timing metavuln:cache:get:security-advisory:webpack-dev-server:qMSfABMli03CV8t6iyFX/sjlQYHV5IyTPIbCqReKSOSz0BFweS1mQrEm/NSYSp6O9/PIrnUjtc6/s7mh+gSmLQ== Completed in 8ms
142 http fetch GET 200 https://registry.npmjs.org/html-webpack-plugin 94ms (cache revalidated)
143 timing metavuln:packument:html-webpack-plugin Completed in 96ms
144 timing metavuln:load:security-advisory:html-webpack-plugin:7Pl1j4sHKhCQAEccTmt3XZIEEazRzvyC0TOx07N0G7o5OIhhZ0j0Ji3KSCbTwfmCR/2OHJ3Mx5ZmedDQEQeBbg== Completed in 37ms
145 http fetch GET 200 https://registry.npmjs.org/style-loader 158ms (cache revalidated)
146 timing metavuln:packument:style-loader Completed in 159ms
147 timing metavuln:load:security-advisory:style-loader:7Pl1j4sHKhCQAEccTmt3XZIEEazRzvyC0TOx07N0G7o5OIhhZ0j0Ji3KSCbTwfmCR/2OHJ3Mx5ZmedDQEQeBbg== Completed in 5ms
148 http fetch GET 200 https://registry.npmjs.org/webpack-cli 163ms (cache revalidated)
149 timing metavuln:packument:webpack-cli Completed in 168ms
150 timing metavuln:load:security-advisory:webpack-cli:7Pl1j4sHKhCQAEccTmt3XZIEEazRzvyC0TOx07N0G7o5OIhhZ0j0Ji3KSCbTwfmCR/2OHJ3Mx5ZmedDQEQeBbg== Completed in 25ms
151 http fetch GET 200 https://registry.npmjs.org/terser-webpack-plugin 194ms (cache revalidated)
152 timing metavuln:packument:terser-webpack-plugin Completed in 198ms
153 timing metavuln:load:security-advisory:terser-webpack-plugin:7Pl1j4sHKhCQAEccTmt3XZIEEazRzvyC0TOx07N0G7o5OIhhZ0j0Ji3KSCbTwfmCR/2OHJ3Mx5ZmedDQEQeBbg== Completed in 2ms
154 http fetch GET 200 https://registry.npmjs.org/babel-loader 203ms (cache revalidated)
155 timing metavuln:packument:babel-loader Completed in 204ms
156 timing metavuln:load:security-advisory:babel-loader:7Pl1j4sHKhCQAEccTmt3XZIEEazRzvyC0TOx07N0G7o5OIhhZ0j0Ji3KSCbTwfmCR/2OHJ3Mx5ZmedDQEQeBbg== Completed in 17ms
157 http fetch GET 200 https://registry.npmjs.org/file-loader 221ms (cache revalidated)
158 timing metavuln:packument:file-loader Completed in 223ms
159 timing metavuln:load:security-advisory:file-loader:7Pl1j4sHKhCQAEccTmt3XZIEEazRzvyC0TOx07N0G7o5OIhhZ0j0Ji3KSCbTwfmCR/2OHJ3Mx5ZmedDQEQeBbg== Completed in 11ms
160 http fetch GET 200 https://registry.npmjs.org/css-loader 236ms (cache revalidated)
161 timing metavuln:packument:css-loader Completed in 238ms
162 timing metavuln:load:security-advisory:css-loader:7Pl1j4sHKhCQAEccTmt3XZIEEazRzvyC0TOx07N0G7o5OIhhZ0j0Ji3KSCbTwfmCR/2OHJ3Mx5ZmedDQEQeBbg== Completed in 3ms
163 http fetch GET 200 https://registry.npmjs.org/@webpack-cli%2fconfigtest 243ms (cache revalidated)
164 timing metavuln:packument:@webpack-cli/configtest Completed in 244ms
165 timing metavuln:load:security-advisory:@webpack-cli/configtest:7Pl1j4sHKhCQAEccTmt3XZIEEazRzvyC0TOx07N0G7o5OIhhZ0j0Ji3KSCbTwfmCR/2OHJ3Mx5ZmedDQEQeBbg== Completed in 0ms
166 http fetch GET 200 https://registry.npmjs.org/@webpack-cli%2finfo 252ms (cache revalidated)
167 timing metavuln:packument:@webpack-cli/info Completed in 253ms
168 timing metavuln:load:security-advisory:@webpack-cli/info:7Pl1j4sHKhCQAEccTmt3XZIEEazRzvyC0TOx07N0G7o5OIhhZ0j0Ji3KSCbTwfmCR/2OHJ3Mx5ZmedDQEQeBbg== Completed in 0ms
169 timing metavuln:cache:put:security-advisory:html-webpack-plugin:NFEJ85xSuHFS4iKntwKteWZ1XwZAtM1VR0EesbcIZxSyUR4YjPy5M/I4G5hBqXVMwJKcfjS4bOXrmDtyWOGcMA== Completed in 122ms
170 timing metavuln:calculate:security-advisory:html-webpack-plugin:7Pl1j4sHKhCQAEccTmt3XZIEEazRzvyC0TOx07N0G7o5OIhhZ0j0Ji3KSCbTwfmCR/2OHJ3Mx5ZmedDQEQeBbg== Completed in 258ms
171 http fetch GET 200 https://registry.npmjs.org/webpack-dev-middleware 261ms (cache revalidated)
172 timing metavuln:packument:webpack-dev-middleware Completed in 263ms
173 timing metavuln:load:security-advisory:webpack-dev-middleware:7Pl1j4sHKhCQAEccTmt3XZIEEazRzvyC0TOx07N0G7o5OIhhZ0j0Ji3KSCbTwfmCR/2OHJ3Mx5ZmedDQEQeBbg== Completed in 13ms
174 timing metavuln:cache:put:security-advisory:webpack-cli:/nnF4DWRRr5vREfp1So3+1tEViG8gp4FBG0iYaE4bKt+dEZRXeEKKSDD3uVBMFoyh5qBVBar0v6Sv8NQcTMkcA== Completed in 92ms
175 timing metavuln:calculate:security-advisory:webpack-cli:7Pl1j4sHKhCQAEccTmt3XZIEEazRzvyC0TOx07N0G7o5OIhhZ0j0Ji3KSCbTwfmCR/2OHJ3Mx5ZmedDQEQeBbg== Completed in 285ms
176 timing metavuln:cache:put:security-advisory:file-loader:haNMNhXdPMnOb3D3UzrXiQ8Y3bYXi0ZwcPSQhaQbFl+0ZH4D110/L4lEpq1LyZsKUGzwwOn8U/0qlC6Q6uflnA== Completed in 53ms
177 timing metavuln:calculate:security-advisory:file-loader:7Pl1j4sHKhCQAEccTmt3XZIEEazRzvyC0TOx07N0G7o5OIhhZ0j0Ji3KSCbTwfmCR/2OHJ3Mx5ZmedDQEQeBbg== Completed in 287ms
178 timing metavuln:cache:put:security-advisory:babel-loader:OyYl8LTgtq3TxkD97mSxY8qGJgwaXqMfyRyvabAqRvmdr42fXMdTrGnjrsUbWO+Mf5XD4k37cQLTwqScV7mfyA== Completed in 66ms
179 timing metavuln:calculate:security-advisory:babel-loader:7Pl1j4sHKhCQAEccTmt3XZIEEazRzvyC0TOx07N0G7o5OIhhZ0j0Ji3KSCbTwfmCR/2OHJ3Mx5ZmedDQEQeBbg== Completed in 287ms
180 timing metavuln:cache:put:security-advisory:css-loader:d7bZTMqCZOXmD1W7nHTq3L2+DZuzg95msmts27ook7t6svNtePjpGAjZZiNp+0sHWs5uA6xv44CunDLEHlIk0w== Completed in 46ms
181 timing metavuln:calculate:security-advisory:css-loader:7Pl1j4sHKhCQAEccTmt3XZIEEazRzvyC0TOx07N0G7o5OIhhZ0j0Ji3KSCbTwfmCR/2OHJ3Mx5ZmedDQEQeBbg== Completed in 287ms
182 timing metavuln:cache:put:security-advisory:style-loader:P7+2mg9kCq/IOwsXYgEETJyu9JR4VQdIBteP0nbsIZP2oMFkqQzosERmmmn4CLReG3yof/e0O9YomL5D3qpPDw== Completed in 124ms
183 timing metavuln:calculate:security-advisory:style-loader:7Pl1j4sHKhCQAEccTmt3XZIEEazRzvyC0TOx07N0G7o5OIhhZ0j0Ji3KSCbTwfmCR/2OHJ3Mx5ZmedDQEQeBbg== Completed in 288ms
184 timing metavuln:cache:put:security-advisory:@webpack-cli/configtest:xJhV3uPYmo74/zKXapV5krAbV3jWwvzos7D9yiHFHhAFDdXd/bP334EYGTBUlwUcuQPEmo50fojjVCVisGGFIQ== Completed in 47ms
185 timing metavuln:calculate:security-advisory:@webpack-cli/configtest:7Pl1j4sHKhCQAEccTmt3XZIEEazRzvyC0TOx07N0G7o5OIhhZ0j0Ji3KSCbTwfmCR/2OHJ3Mx5ZmedDQEQeBbg== Completed in 292ms
186 timing metavuln:cache:put:security-advisory:terser-webpack-plugin:Uqotlq7e4p8a17Gch+uSLMmyilwazp3SdS5LgtQM1QyqzBW7FWPwyk3i/l7U7L2H764aPM6RPHDhd/ECqCZEZA== Completed in 88ms
187 timing metavuln:calculate:security-advisory:terser-webpack-plugin:7Pl1j4sHKhCQAEccTmt3XZIEEazRzvyC0TOx07N0G7o5OIhhZ0j0Ji3KSCbTwfmCR/2OHJ3Mx5ZmedDQEQeBbg== Completed in 289ms
188 timing metavuln:cache:put:security-advisory:@webpack-cli/info:Ldtj472hf5yVCFXWsCwuB1kYR/mOSU68pxu8Lo8I1VLIXnfbxEu4ID4H4siglwwDlm/yM7UP0N+CO2B9e7S71g== Completed in 38ms
189 timing metavuln:calculate:security-advisory:@webpack-cli/info:7Pl1j4sHKhCQAEccTmt3XZIEEazRzvyC0TOx07N0G7o5OIhhZ0j0Ji3KSCbTwfmCR/2OHJ3Mx5ZmedDQEQeBbg== Completed in 291ms
190 timing metavuln:cache:put:security-advisory:webpack-dev-middleware:7J4EEarWYa+ICI8fbjBvISlQMeujWkfWLDpqjUND08jAqSNpoUX3l+EYniBQBU6YiRLw/26LoMmJPQONbvmODA== Completed in 13ms
191 timing metavuln:calculate:security-advisory:webpack-dev-middleware:7Pl1j4sHKhCQAEccTmt3XZIEEazRzvyC0TOx07N0G7o5OIhhZ0j0Ji3KSCbTwfmCR/2OHJ3Mx5ZmedDQEQeBbg== Completed in 289ms
192 http fetch GET 200 https://registry.npmjs.org/webpack-dev-server 298ms (cache updated)
193 timing metavuln:packument:webpack-dev-server Completed in 305ms
194 timing metavuln:load:security-advisory:webpack-dev-server:7Pl1j4sHKhCQAEccTmt3XZIEEazRzvyC0TOx07N0G7o5OIhhZ0j0Ji3KSCbTwfmCR/2OHJ3Mx5ZmedDQEQeBbg== Completed in 13ms
195 timing metavuln:cache:put:security-advisory:webpack-dev-server:qMSfABMli03CV8t6iyFX/sjlQYHV5IyTPIbCqReKSOSz0BFweS1mQrEm/NSYSp6O9/PIrnUjtc6/s7mh+gSmLQ== Completed in 4ms
196 timing metavuln:calculate:security-advisory:webpack-dev-server:7Pl1j4sHKhCQAEccTmt3XZIEEazRzvyC0TOx07N0G7o5OIhhZ0j0Ji3KSCbTwfmCR/2OHJ3Mx5ZmedDQEQeBbg== Completed in 324ms
197 http fetch GET 200 https://registry.npmjs.org/@webpack-cli%2fserve 362ms (cache revalidated)
198 timing metavuln:packument:@webpack-cli/serve Completed in 363ms
199 timing metavuln:load:security-advisory:@webpack-cli/serve:7Pl1j4sHKhCQAEccTmt3XZIEEazRzvyC0TOx07N0G7o5OIhhZ0j0Ji3KSCbTwfmCR/2OHJ3Mx5ZmedDQEQeBbg== Completed in 1ms
200 timing metavuln:cache:put:security-advisory:@webpack-cli/serve:fOyrNylPz99fE3Lla0ntgCjm/7k0AedMNaEEspLkGlCLFEmj9XWgjSMsf7Jnz1G4y1yMMhQmw433ie0EvLkTPw== Completed in 1ms
201 timing metavuln:calculate:security-advisory:@webpack-cli/serve:7Pl1j4sHKhCQAEccTmt3XZIEEazRzvyC0TOx07N0G7o5OIhhZ0j0Ji3KSCbTwfmCR/2OHJ3Mx5ZmedDQEQeBbg== Completed in 365ms
202 timing metavuln:cache:get:security-advisory:fbjs:YbacKfG9yQi0MgwYTJFObMb+AxrhG3Ii4SCRRm7rdN+d3jZkpYSolFiHrg47IyZI20my1sfroLnEvdfl8q5HCw== Completed in 2ms
203 http fetch GET 200 https://registry.npmjs.org/fbjs 106ms (cache revalidated)
204 timing metavuln:packument:fbjs Completed in 107ms
205 timing metavuln:load:security-advisory:fbjs:zM8SnVBE6Erpxehi2a4jW3g9S5MxV2lQyojNWYBTawx5q9dcyU33lf555QoGpbMytKRgmES/z1tgj9+kkapaaQ== Completed in 0ms
206 timing metavuln:calculate:security-advisory:fbjs:zM8SnVBE6Erpxehi2a4jW3g9S5MxV2lQyojNWYBTawx5q9dcyU33lf555QoGpbMytKRgmES/z1tgj9+kkapaaQ== Completed in 107ms
207 timing metavuln:cache:get:security-advisory:react:ttw1SOUF41Z/S/0vdJU7NM58r/uOzETYMSYV4BBXbt0SdWG5iOLwQH8hFtf5mr6VDD6/8yA94GEsUlxCMFF9Lw== Completed in 3ms
208 timing metavuln:cache:get:security-advisory:react-dom:deXLbY6qkglb3xi2/Hl5ENcmR9Wf51gxN5X8kHoRA8Zd8QQLG0rShm8OTs5xIR+GAEFBkNRUazTMmGJHt+34hQ== Completed in 4ms
209 http fetch GET 200 https://registry.npmjs.org/react-dom 36ms (cache revalidated)
210 timing metavuln:packument:react-dom Completed in 47ms
211 timing metavuln:load:security-advisory:react-dom:YbacKfG9yQi0MgwYTJFObMb+AxrhG3Ii4SCRRm7rdN+d3jZkpYSolFiHrg47IyZI20my1sfroLnEvdfl8q5HCw== Completed in 14ms
212 timing metavuln:calculate:security-advisory:react-dom:YbacKfG9yQi0MgwYTJFObMb+AxrhG3Ii4SCRRm7rdN+d3jZkpYSolFiHrg47IyZI20my1sfroLnEvdfl8q5HCw== Completed in 61ms
213 http fetch GET 200 https://registry.npmjs.org/react 98ms (cache revalidated)
214 timing metavuln:packument:react Completed in 107ms
215 timing metavuln:load:security-advisory:react:YbacKfG9yQi0MgwYTJFObMb+AxrhG3Ii4SCRRm7rdN+d3jZkpYSolFiHrg47IyZI20my1sfroLnEvdfl8q5HCw== Completed in 26ms
216 timing metavuln:calculate:security-advisory:react:YbacKfG9yQi0MgwYTJFObMb+AxrhG3Ii4SCRRm7rdN+d3jZkpYSolFiHrg47IyZI20my1sfroLnEvdfl8q5HCw== Completed in 133ms
217 timing metavuln:cache:get:security-advisory:react-environment-chart:OXdy0dXFdyS6fEvWo3RcTJISuy8AIK0VPbA5v1Vac49hV5YEqJsjMurd1U+ITklM2BE5yxzhYRsCjMFRKDilww== Completed in 4ms
218 http fetch GET 200 https://registry.npmjs.org/react-environment-chart 671ms (cache revalidated)
219 timing metavuln:packument:react-environment-chart Completed in 672ms
220 timing metavuln:load:security-advisory:react-environment-chart:deXLbY6qkglb3xi2/Hl5ENcmR9Wf51gxN5X8kHoRA8Zd8QQLG0rShm8OTs5xIR+GAEFBkNRUazTMmGJHt+34hQ== Completed in 0ms
221 timing metavuln:calculate:security-advisory:react-environment-chart:deXLbY6qkglb3xi2/Hl5ENcmR9Wf51gxN5X8kHoRA8Zd8QQLG0rShm8OTs5xIR+GAEFBkNRUazTMmGJHt+34hQ== Completed in 672ms
222 timing metavuln:cache:get:security-advisory:react-environment-chart:/L0R40S41wMpFpPFVknVaup1yGYKkbHYoN3C90M3kbXdq/CKYCw1Bt5iGNtHqozyEVar4mocNNTevLajl6bP6w== Completed in 15ms
223 timing metavuln:load:security-advisory:react-environment-chart:ttw1SOUF41Z/S/0vdJU7NM58r/uOzETYMSYV4BBXbt0SdWG5iOLwQH8hFtf5mr6VDD6/8yA94GEsUlxCMFF9Lw== Completed in 0ms
224 timing metavuln:calculate:security-advisory:react-environment-chart:ttw1SOUF41Z/S/0vdJU7NM58r/uOzETYMSYV4BBXbt0SdWG5iOLwQH8hFtf5mr6VDD6/8yA94GEsUlxCMFF9Lw== Completed in 16ms
225 timing metavuln:cache:get:security-advisory:react-dom:U18GtU5NaKosnjCFra7eSY2dK6ZmMfb26U+0qafb+hCK4eA2d8jzrbSfA0hDoOHZ5JlOKK8GCg1jTe4dqjGOiQ== Completed in 16ms
226 timing metavuln:load:security-advisory:react-dom:ttw1SOUF41Z/S/0vdJU7NM58r/uOzETYMSYV4BBXbt0SdWG5iOLwQH8hFtf5mr6VDD6/8yA94GEsUlxCMFF9Lw== Completed in 24ms
227 timing metavuln:calculate:security-advisory:react-dom:ttw1SOUF41Z/S/0vdJU7NM58r/uOzETYMSYV4BBXbt0SdWG5iOLwQH8hFtf5mr6VDD6/8yA94GEsUlxCMFF9Lw== Completed in 40ms
228 timing auditReport:init Completed in 2059ms
229 timing reify:audit Completed in 2390ms
230 timing reify Completed in 3776ms
231 silly ADD
232 timing command:install Completed in 3831ms
233 verbose exit 0
234 timing npm Completed in 3882ms
235 info ok
