2024-08-28 22:11:02.054 [info] [main] Log level: Info
2024-08-28 22:11:02.054 [info] [main] Validating found git in: "git"
2024-08-28 22:11:02.054 [info] [main] Using git "2.43.0" from "git"
2024-08-28 22:11:02.054 [info] [Model][doInitialScan] Initial repository scan started
2024-08-28 22:11:02.054 [info] > git rev-parse --show-toplevel [4ms]
2024-08-28 22:11:02.054 [info] fatal: not a git repository (or any of the parent directories): .git
2024-08-28 22:11:02.055 [info] > git rev-parse --show-toplevel [4ms]
2024-08-28 22:11:02.055 [info] fatal: not a git repository (or any of the parent directories): .git
2024-08-28 22:11:02.059 [info] > git rev-parse --show-toplevel [1ms]
2024-08-28 22:11:02.059 [info] fatal: not a git repository (or any of the parent directories): .git
2024-08-28 22:11:02.062 [info] > git rev-parse --show-toplevel [1ms]
2024-08-28 22:11:02.062 [info] fatal: not a git repository (or any of the parent directories): .git
2024-08-28 22:11:02.066 [info] > git rev-parse --show-toplevel [2ms]
2024-08-28 22:11:02.066 [info] fatal: not a git repository (or any of the parent directories): .git
2024-08-28 22:11:02.070 [info] [Model][doInitialScan] Initial repository scan completed - repositories (0), closed repositories (0), parent repositories (0), unsafe repositories (0)
2024-08-28 22:11:03.075 [info] > git rev-parse --show-toplevel [115ms]
2024-08-28 22:11:03.075 [info] fatal: not a git repository (or any of the parent directories): .git
2024-08-28 22:11:03.123 [info] > git rev-parse --show-toplevel [2ms]
2024-08-28 22:11:03.123 [info] fatal: not a git repository (or any of the parent directories): .git
2024-08-28 22:36:40.255 [info] > git rev-parse --show-toplevel [1ms]
2024-08-28 22:36:40.255 [info] fatal: not a git repository (or any of the parent directories): .git
2024-08-28 22:37:40.253 [info] > git rev-parse --show-toplevel [1ms]
2024-08-28 22:37:40.253 [info] fatal: not a git repository (or any of the parent directories): .git
2024-08-28 22:37:40.257 [info] > git rev-parse --show-toplevel [1ms]
2024-08-28 22:37:40.257 [info] fatal: not a git repository (or any of the parent directories): .git
